This file contains any messages produced by compilers while
running configure, to aid debugging if configure makes a mistake.

It was created by MEGAcmd configure 1.4.0, which was
generated by GNU Autoconf 2.69.  Invocation command line was

  $ ./configure --prefix=/home/vagrant/MEGAcmd/system

## --------- ##
## Platform. ##
## --------- ##

hostname = ubuntu-18-minimal
uname -m = x86_64
uname -r = 4.15.0-29-generic
uname -s = Linux
uname -v = #31-Ubuntu SMP Tue Jul 17 15:39:52 UTC 2018

/usr/bin/uname -p = unknown
/bin/uname -X     = unknown

/bin/arch              = unknown
/usr/bin/arch -k       = unknown
/usr/convex/getsysinfo = unknown
/usr/bin/hostinfo      = unknown
/bin/machine           = unknown
/usr/bin/oslevel       = unknown
/bin/universe          = unknown

PATH: /usr/local/sbin
PATH: /usr/local/bin
PATH: /usr/sbin
PATH: /usr/bin
PATH: /sbin
PATH: /bin
PATH: /usr/games
PATH: /usr/local/games
PATH: /snap/bin


## ----------- ##
## Core tests. ##
## ----------- ##

configure:2981: checking for a BSD-compatible install
configure:3049: result: /usr/bin/install -c
configure:3060: checking whether build environment is sane
configure:3115: result: yes
configure:3266: checking for a thread-safe mkdir -p
configure:3305: result: /bin/mkdir -p
configure:3312: checking for gawk
configure:3328: found /usr/bin/gawk
configure:3339: result: gawk
configure:3350: checking whether make sets $(MAKE)
configure:3372: result: yes
configure:3401: checking whether make supports nested variables
configure:3418: result: yes
configure:3593: checking for gcc
configure:3609: found /usr/bin/gcc
configure:3620: result: gcc
configure:3849: checking for C compiler version
configure:3858: gcc --version >&5
gcc (Ubuntu 7.5.0-3ubuntu1~18.04) 7.5.0
Copyright (C) 2017 Free Software Foundation, Inc.
This is free software; see the source for copying conditions.  There is NO
warranty; not even for MERCHANTABILITY or FITNESS FOR A PARTICULAR PURPOSE.

configure:3869: $? = 0
configure:3858: gcc -v >&5
Using built-in specs.
COLLECT_GCC=gcc
COLLECT_LTO_WRAPPER=/usr/lib/gcc/x86_64-linux-gnu/7/lto-wrapper
OFFLOAD_TARGET_NAMES=nvptx-none
OFFLOAD_TARGET_DEFAULT=1
Target: x86_64-linux-gnu
Configured with: ../src/configure -v --with-pkgversion='Ubuntu 7.5.0-3ubuntu1~18.04' --with-bugurl=file:///usr/share/doc/gcc-7/README.Bugs --enable-languages=c,ada,c++,go,brig,d,fortran,objc,obj-c++ --prefix=/usr --with-gcc-major-version-only --program-suffix=-7 --program-prefix=x86_64-linux-gnu- --enable-shared --enable-linker-build-id --libexecdir=/usr/lib --without-included-gettext --enable-threads=posix --libdir=/usr/lib --enable-nls --enable-bootstrap --enable-clocale=gnu --enable-libstdcxx-debug --enable-libstdcxx-time=yes --with-default-libstdcxx-abi=new --enable-gnu-unique-object --disable-vtable-verify --enable-libmpx --enable-plugin --enable-default-pie --with-system-zlib --with-target-system-zlib --enable-objc-gc=auto --enable-multiarch --disable-werror --with-arch-32=i686 --with-abi=m64 --with-multilib-list=m32,m64,mx32 --enable-multilib --with-tune=generic --enable-offload-targets=nvptx-none --without-cuda-driver --enable-checking=release --build=x86_64-linux-gnu --host=x86_64-linux-gnu --target=x86_64-linux-gnu
Thread model: posix
gcc version 7.5.0 (Ubuntu 7.5.0-3ubuntu1~18.04) 
configure:3869: $? = 0
configure:3858: gcc -V >&5
gcc: error: unrecognized command line option '-V'
gcc: fatal error: no input files
compilation terminated.
configure:3869: $? = 1
configure:3858: gcc -qversion >&5
gcc: error: unrecognized command line option '-qversion'; did you mean '--version'?
gcc: fatal error: no input files
compilation terminated.
configure:3869: $? = 1
configure:3889: checking whether the C compiler works
configure:3911: gcc    conftest.c  >&5
configure:3915: $? = 0
configure:3963: result: yes
configure:3966: checking for C compiler default output file name
configure:3968: result: a.out
configure:3974: checking for suffix of executables
configure:3981: gcc -o conftest    conftest.c  >&5
configure:3985: $? = 0
configure:4007: result: 
configure:4029: checking whether we are cross compiling
configure:4037: gcc -o conftest    conftest.c  >&5
configure:4041: $? = 0
configure:4048: ./conftest
configure:4052: $? = 0
configure:4067: result: no
configure:4072: checking for suffix of object files
configure:4094: gcc -c   conftest.c >&5
configure:4098: $? = 0
configure:4119: result: o
configure:4123: checking whether we are using the GNU C compiler
configure:4142: gcc -c   conftest.c >&5
configure:4142: $? = 0
configure:4151: result: yes
configure:4160: checking whether gcc accepts -g
configure:4180: gcc -c -g  conftest.c >&5
configure:4180: $? = 0
configure:4221: result: yes
configure:4238: checking for gcc option to accept ISO C89
configure:4301: gcc  -c -g -O2  conftest.c >&5
configure:4301: $? = 0
configure:4314: result: none needed
configure:4339: checking whether gcc understands -c and -o together
configure:4361: gcc -c conftest.c -o conftest2.o
configure:4364: $? = 0
configure:4361: gcc -c conftest.c -o conftest2.o
configure:4364: $? = 0
configure:4376: result: yes
configure:4404: checking for style of include used by make
configure:4432: result: GNU
configure:4458: checking dependency style of gcc
configure:4569: result: gcc3
configure:4731: checking that generated files are newer than configure
configure:4737: result: done
configure:4760: creating ./config.status

## ---------------------- ##
## Running config.status. ##
## ---------------------- ##

This file was extended by MEGAcmd config.status 1.4.0, which was
generated by GNU Autoconf 2.69.  Invocation command line was

  CONFIG_FILES    = 
  CONFIG_HEADERS  = 
  CONFIG_LINKS    = 
  CONFIG_COMMANDS = 
  $ ./config.status 

on ubuntu-18-minimal

config.status:854: creating Makefile
config.status:1026: executing depfiles commands
configure:5904: checking how to run the C preprocessor
configure:5935: gcc -E  conftest.c
configure:5935: $? = 0
configure:5949: gcc -E  conftest.c
conftest.c:11:10: fatal error: ac_nonexistent.h: No such file or directory
 #include <ac_nonexistent.h>
          ^~~~~~~~~~~~~~~~~~
compilation terminated.
configure:5949: $? = 1
configure: failed program was:
| /* confdefs.h */
| #define PACKAGE_NAME "MEGAcmd"
| #define PACKAGE_TARNAME "megacmd"
| #define PACKAGE_VERSION "1.4.0"
| #define PACKAGE_STRING "MEGAcmd 1.4.0"
| #define PACKAGE_BUGREPORT "https://github.com/meganz/megacmd"
| #define PACKAGE_URL ""
| #define PACKAGE "megacmd"
| #define VERSION "1.4.0"
| /* end confdefs.h.  */
| #include <ac_nonexistent.h>
configure:5974: result: gcc -E
configure:5994: gcc -E  conftest.c
configure:5994: $? = 0
configure:6008: gcc -E  conftest.c
conftest.c:11:10: fatal error: ac_nonexistent.h: No such file or directory
 #include <ac_nonexistent.h>
          ^~~~~~~~~~~~~~~~~~
compilation terminated.
configure:6008: $? = 1
configure: failed program was:
| /* confdefs.h */
| #define PACKAGE_NAME "MEGAcmd"
| #define PACKAGE_TARNAME "megacmd"
| #define PACKAGE_VERSION "1.4.0"
| #define PACKAGE_STRING "MEGAcmd 1.4.0"
| #define PACKAGE_BUGREPORT "https://github.com/meganz/megacmd"
| #define PACKAGE_URL ""
| #define PACKAGE "megacmd"
| #define VERSION "1.4.0"
| /* end confdefs.h.  */
| #include <ac_nonexistent.h>
configure:6037: checking for grep that handles long lines and -e
configure:6095: result: /bin/grep
configure:6100: checking for egrep
configure:6162: result: /bin/grep -E
configure:6167: checking for ANSI C header files
configure:6187: gcc -c -g -O2  conftest.c >&5
configure:6187: $? = 0
configure:6260: gcc -o conftest -g -O2   conftest.c  >&5
configure:6260: $? = 0
configure:6260: ./conftest
configure:6260: $? = 0
configure:6271: result: yes
configure:6284: checking for sys/types.h
configure:6284: gcc -c -g -O2  conftest.c >&5
configure:6284: $? = 0
configure:6284: result: yes
configure:6284: checking for sys/stat.h
configure:6284: gcc -c -g -O2  conftest.c >&5
configure:6284: $? = 0
configure:6284: result: yes
configure:6284: checking for stdlib.h
configure:6284: gcc -c -g -O2  conftest.c >&5
configure:6284: $? = 0
configure:6284: result: yes
configure:6284: checking for string.h
configure:6284: gcc -c -g -O2  conftest.c >&5
configure:6284: $? = 0
configure:6284: result: yes
configure:6284: checking for memory.h
configure:6284: gcc -c -g -O2  conftest.c >&5
configure:6284: $? = 0
configure:6284: result: yes
configure:6284: checking for strings.h
configure:6284: gcc -c -g -O2  conftest.c >&5
configure:6284: $? = 0
configure:6284: result: yes
configure:6284: checking for inttypes.h
configure:6284: gcc -c -g -O2  conftest.c >&5
configure:6284: $? = 0
configure:6284: result: yes
configure:6284: checking for stdint.h
configure:6284: gcc -c -g -O2  conftest.c >&5
configure:6284: $? = 0
configure:6284: result: yes
configure:6284: checking for unistd.h
configure:6284: gcc -c -g -O2  conftest.c >&5
configure:6284: $? = 0
configure:6284: result: yes
configure:6297: checking minix/config.h usability
configure:6297: gcc -c -g -O2  conftest.c >&5
conftest.c:54:10: fatal error: minix/config.h: No such file or directory
 #include <minix/config.h>
          ^~~~~~~~~~~~~~~~
compilation terminated.
configure:6297: $? = 1
configure: failed program was:
| /* confdefs.h */
| #define PACKAGE_NAME "MEGAcmd"
| #define PACKAGE_TARNAME "megacmd"
| #define PACKAGE_VERSION "1.4.0"
| #define PACKAGE_STRING "MEGAcmd 1.4.0"
| #define PACKAGE_BUGREPORT "https://github.com/meganz/megacmd"
| #define PACKAGE_URL ""
| #define PACKAGE "megacmd"
| #define VERSION "1.4.0"
| #define STDC_HEADERS 1
| #define HAVE_SYS_TYPES_H 1
| #define HAVE_SYS_STAT_H 1
| #define HAVE_STDLIB_H 1
| #define HAVE_STRING_H 1
| #define HAVE_MEMORY_H 1
| #define HAVE_STRINGS_H 1
| #define HAVE_INTTYPES_H 1
| #define HAVE_STDINT_H 1
| #define HAVE_UNISTD_H 1
| /* end confdefs.h.  */
| #include <stdio.h>
| #ifdef HAVE_SYS_TYPES_H
| # include <sys/types.h>
| #endif
| #ifdef HAVE_SYS_STAT_H
| # include <sys/stat.h>
| #endif
| #ifdef STDC_HEADERS
| # include <stdlib.h>
| # include <stddef.h>
| #else
| # ifdef HAVE_STDLIB_H
| #  include <stdlib.h>
| # endif
| #endif
| #ifdef HAVE_STRING_H
| # if !defined STDC_HEADERS && defined HAVE_MEMORY_H
| #  include <memory.h>
| # endif
| # include <string.h>
| #endif
| #ifdef HAVE_STRINGS_H
| # include <strings.h>
| #endif
| #ifdef HAVE_INTTYPES_H
| # include <inttypes.h>
| #endif
| #ifdef HAVE_STDINT_H
| # include <stdint.h>
| #endif
| #ifdef HAVE_UNISTD_H
| # include <unistd.h>
| #endif
| #include <minix/config.h>
configure:6297: result: no
configure:6297: checking minix/config.h presence
configure:6297: gcc -E  conftest.c
conftest.c:21:10: fatal error: minix/config.h: No such file or directory
 #include <minix/config.h>
          ^~~~~~~~~~~~~~~~
compilation terminated.
configure:6297: $? = 1
configure: failed program was:
| /* confdefs.h */
| #define PACKAGE_NAME "MEGAcmd"
| #define PACKAGE_TARNAME "megacmd"
| #define PACKAGE_VERSION "1.4.0"
| #define PACKAGE_STRING "MEGAcmd 1.4.0"
| #define PACKAGE_BUGREPORT "https://github.com/meganz/megacmd"
| #define PACKAGE_URL ""
| #define PACKAGE "megacmd"
| #define VERSION "1.4.0"
| #define STDC_HEADERS 1
| #define HAVE_SYS_TYPES_H 1
| #define HAVE_SYS_STAT_H 1
| #define HAVE_STDLIB_H 1
| #define HAVE_STRING_H 1
| #define HAVE_MEMORY_H 1
| #define HAVE_STRINGS_H 1
| #define HAVE_INTTYPES_H 1
| #define HAVE_STDINT_H 1
| #define HAVE_UNISTD_H 1
| /* end confdefs.h.  */
| #include <minix/config.h>
configure:6297: result: no
configure:6297: checking for minix/config.h
configure:6297: result: no
configure:6318: checking whether it is safe to define __EXTENSIONS__
configure:6336: gcc -c -g -O2  conftest.c >&5
configure:6336: $? = 0
configure:6343: result: yes
configure:6432: checking dependency style of gcc
configure:6543: result: gcc3
configure:6633: checking build system type
configure:6647: result: x86_64-pc-linux-gnu
configure:6667: checking host system type
configure:6680: result: x86_64-pc-linux-gnu
configure:6721: checking how to print strings
configure:6748: result: printf
configure:6769: checking for a sed that does not truncate output
configure:6833: result: /bin/sed
configure:6851: checking for fgrep
configure:6913: result: /bin/grep -F
configure:6948: checking for ld used by gcc
configure:7015: result: /usr/bin/ld
configure:7022: checking if the linker (/usr/bin/ld) is GNU ld
configure:7037: result: yes
configure:7049: checking for BSD- or MS-compatible name lister (nm)
configure:7103: result: /usr/bin/nm -B
configure:7233: checking the name lister (/usr/bin/nm -B) interface
configure:7240: gcc -c -g -O2  conftest.c >&5
configure:7243: /usr/bin/nm -B "conftest.o"
configure:7246: output
0000000000000000 B some_variable
configure:7253: result: BSD nm
configure:7256: checking whether ln -s works
configure:7260: result: yes
configure:7268: checking the maximum length of command line arguments
configure:7399: result: 1572864
configure:7447: checking how to convert x86_64-pc-linux-gnu file names to x86_64-pc-linux-gnu format
configure:7487: result: func_convert_file_noop
configure:7494: checking how to convert x86_64-pc-linux-gnu file names to toolchain format
configure:7514: result: func_convert_file_noop
configure:7521: checking for /usr/bin/ld option to reload object files
configure:7528: result: -r
configure:7602: checking for objdump
configure:7618: found /usr/bin/objdump
configure:7629: result: objdump
configure:7658: checking how to recognize dependent libraries
configure:7858: result: pass_all
configure:7943: checking for dlltool
configure:7973: result: no
configure:8000: checking how to associate runtime and link libraries
configure:8027: result: printf %s\n
configure:8087: checking for ar
configure:8103: found /usr/bin/ar
configure:8114: result: ar
configure:8151: checking for archiver @FILE support
configure:8168: gcc -c -g -O2  conftest.c >&5
configure:8168: $? = 0
configure:8171: ar cru libconftest.a @conftest.lst >&5
ar: `u' modifier ignored since `D' is the default (see `U')
configure:8174: $? = 0
configure:8179: ar cru libconftest.a @conftest.lst >&5
ar: `u' modifier ignored since `D' is the default (see `U')
ar: conftest.o: No such file or directory
configure:8182: $? = 1
configure:8194: result: @
configure:8252: checking for strip
configure:8268: found /usr/bin/strip
configure:8279: result: strip
configure:8351: checking for ranlib
configure:8367: found /usr/bin/ranlib
configure:8378: result: ranlib
configure:8480: checking command to parse /usr/bin/nm -B output from gcc object
configure:8633: gcc -c -g -O2  conftest.c >&5
configure:8636: $? = 0
configure:8640: /usr/bin/nm -B conftest.o \| sed -n -e 's/^.*[ ]\([ABCDGIRSTW][ABCDGIRSTW]*\)[ ][ ]*\([_A-Za-z][_A-Za-z0-9]*\)$/\1 \2 \2/p' | sed '/ __gnu_lto/d' \> conftest.nm
configure:8643: $? = 0
configure:8709: gcc -o conftest -g -O2   conftest.c conftstm.o >&5
configure:8712: $? = 0
configure:8750: result: ok
configure:8797: checking for sysroot
configure:8827: result: no
configure:8834: checking for a working dd
configure:8872: result: /bin/dd
configure:8876: checking how to truncate binary pipes
configure:8891: result: /bin/dd bs=4096 count=1
configure:9027: gcc -c -g -O2  conftest.c >&5
configure:9030: $? = 0
configure:9220: checking for mt
configure:9236: found /bin/mt
configure:9247: result: mt
configure:9270: checking if mt is a manifest tool
configure:9276: mt '-?'
configure:9284: result: no
configure:9958: checking for dlfcn.h
configure:9958: gcc -c -g -O2  conftest.c >&5
configure:9958: $? = 0
configure:9958: result: yes
configure:10510: checking for objdir
configure:10525: result: .libs
configure:10789: checking if gcc supports -fno-rtti -fno-exceptions
configure:10807: gcc -c -g -O2  -fno-rtti -fno-exceptions conftest.c >&5
cc1: warning: command line option '-fno-rtti' is valid for C++/ObjC++ but not for C
configure:10811: $? = 0
configure:10824: result: no
configure:11182: checking for gcc option to produce PIC
configure:11189: result: -fPIC -DPIC
configure:11197: checking if gcc PIC flag -fPIC -DPIC works
configure:11215: gcc -c -g -O2  -fPIC -DPIC -DPIC conftest.c >&5
configure:11219: $? = 0
configure:11232: result: yes
configure:11261: checking if gcc static flag -static works
configure:11289: result: yes
configure:11304: checking if gcc supports -c -o file.o
configure:11325: gcc -c -g -O2  -o out/conftest2.o conftest.c >&5
configure:11329: $? = 0
configure:11351: result: yes
configure:11359: checking if gcc supports -c -o file.o
configure:11406: result: yes
configure:11439: checking whether the gcc linker (/usr/bin/ld -m elf_x86_64) supports shared libraries
configure:12702: result: yes
configure:12739: checking whether -lc should be explicitly linked in
configure:12747: gcc -c -g -O2  conftest.c >&5
configure:12750: $? = 0
configure:12765: gcc -shared  -fPIC -DPIC conftest.o  -v -Wl,-soname -Wl,conftest -o conftest 2\>\&1 \| /bin/grep  -lc  \>/dev/null 2\>\&1
configure:12768: $? = 0
configure:12782: result: no
configure:12942: checking dynamic linker characteristics
configure:13523: gcc -o conftest -g -O2   -Wl,-rpath -Wl,/foo conftest.c  >&5
configure:13523: $? = 0
configure:13772: result: GNU/Linux ld.so
configure:13894: checking how to hardcode library paths into programs
configure:13919: result: immediate
configure:14467: checking whether stripping libraries is possible
configure:14472: result: yes
configure:14507: checking if libtool supports shared libraries
configure:14509: result: yes
configure:14512: checking whether to build shared libraries
configure:14537: result: yes
configure:14540: checking whether to build static libraries
configure:14544: result: no
configure:14596: checking whether make supports nested variables
configure:14613: result: yes
configure:14634: checking for size_t
configure:14634: gcc -c -g -O2  conftest.c >&5
configure:14634: $? = 0
configure:14634: gcc -c -g -O2  conftest.c >&5
conftest.c: In function 'main':
conftest.c:66:21: error: expected expression before ')' token
 if (sizeof ((size_t)))
                     ^
configure:14634: $? = 1
configure: failed program was:
| /* confdefs.h */
| #define PACKAGE_NAME "MEGAcmd"
| #define PACKAGE_TARNAME "megacmd"
| #define PACKAGE_VERSION "1.4.0"
| #define PACKAGE_STRING "MEGAcmd 1.4.0"
| #define PACKAGE_BUGREPORT "https://github.com/meganz/megacmd"
| #define PACKAGE_URL ""
| #define PACKAGE "megacmd"
| #define VERSION "1.4.0"
| #define STDC_HEADERS 1
| #define HAVE_SYS_TYPES_H 1
| #define HAVE_SYS_STAT_H 1
| #define HAVE_STDLIB_H 1
| #define HAVE_STRING_H 1
| #define HAVE_MEMORY_H 1
| #define HAVE_STRINGS_H 1
| #define HAVE_INTTYPES_H 1
| #define HAVE_STDINT_H 1
| #define HAVE_UNISTD_H 1
| #define __EXTENSIONS__ 1
| #define _ALL_SOURCE 1
| #define _GNU_SOURCE 1
| #define _POSIX_PTHREAD_SEMANTICS 1
| #define _TANDEM_SOURCE 1
| #define PACKAGE "megacmd"
| #define VERSION "1.4.0"
| #define HAVE_DLFCN_H 1
| #define LT_OBJDIR ".libs/"
| /* end confdefs.h.  */
| #include <stdio.h>
| #ifdef HAVE_SYS_TYPES_H
| # include <sys/types.h>
| #endif
| #ifdef HAVE_SYS_STAT_H
| # include <sys/stat.h>
| #endif
| #ifdef STDC_HEADERS
| # include <stdlib.h>
| # include <stddef.h>
| #else
| # ifdef HAVE_STDLIB_H
| #  include <stdlib.h>
| # endif
| #endif
| #ifdef HAVE_STRING_H
| # if !defined STDC_HEADERS && defined HAVE_MEMORY_H
| #  include <memory.h>
| # endif
| # include <string.h>
| #endif
| #ifdef HAVE_STRINGS_H
| # include <strings.h>
| #endif
| #ifdef HAVE_INTTYPES_H
| # include <inttypes.h>
| #endif
| #ifdef HAVE_STDINT_H
| # include <stdint.h>
| #endif
| #ifdef HAVE_UNISTD_H
| # include <unistd.h>
| #endif
| int
| main ()
| {
| if (sizeof ((size_t)))
| 	    return 0;
|   ;
|   return 0;
| }
configure:14634: result: yes
configure:14645: checking for uint8_t
configure:14645: gcc -c -g -O2  conftest.c >&5
configure:14645: $? = 0
configure:14645: result: yes
configure:14659: checking for uint16_t
configure:14659: gcc -c -g -O2  conftest.c >&5
configure:14659: $? = 0
configure:14659: result: yes
configure:14671: checking for uint32_t
configure:14671: gcc -c -g -O2  conftest.c >&5
configure:14671: $? = 0
configure:14671: result: yes
configure:14685: checking for uint64_t
configure:14685: gcc -c -g -O2  conftest.c >&5
configure:14685: $? = 0
configure:14685: result: yes
configure:14699: checking for pid_t
configure:14699: gcc -c -g -O2  conftest.c >&5
configure:14699: $? = 0
configure:14699: gcc -c -g -O2  conftest.c >&5
conftest.c: In function 'main':
conftest.c:66:20: error: expected expression before ')' token
 if (sizeof ((pid_t)))
                    ^
configure:14699: $? = 1
configure: failed program was:
| /* confdefs.h */
| #define PACKAGE_NAME "MEGAcmd"
| #define PACKAGE_TARNAME "megacmd"
| #define PACKAGE_VERSION "1.4.0"
| #define PACKAGE_STRING "MEGAcmd 1.4.0"
| #define PACKAGE_BUGREPORT "https://github.com/meganz/megacmd"
| #define PACKAGE_URL ""
| #define PACKAGE "megacmd"
| #define VERSION "1.4.0"
| #define STDC_HEADERS 1
| #define HAVE_SYS_TYPES_H 1
| #define HAVE_SYS_STAT_H 1
| #define HAVE_STDLIB_H 1
| #define HAVE_STRING_H 1
| #define HAVE_MEMORY_H 1
| #define HAVE_STRINGS_H 1
| #define HAVE_INTTYPES_H 1
| #define HAVE_STDINT_H 1
| #define HAVE_UNISTD_H 1
| #define __EXTENSIONS__ 1
| #define _ALL_SOURCE 1
| #define _GNU_SOURCE 1
| #define _POSIX_PTHREAD_SEMANTICS 1
| #define _TANDEM_SOURCE 1
| #define PACKAGE "megacmd"
| #define VERSION "1.4.0"
| #define HAVE_DLFCN_H 1
| #define LT_OBJDIR ".libs/"
| /* end confdefs.h.  */
| #include <stdio.h>
| #ifdef HAVE_SYS_TYPES_H
| # include <sys/types.h>
| #endif
| #ifdef HAVE_SYS_STAT_H
| # include <sys/stat.h>
| #endif
| #ifdef STDC_HEADERS
| # include <stdlib.h>
| # include <stddef.h>
| #else
| # ifdef HAVE_STDLIB_H
| #  include <stdlib.h>
| # endif
| #endif
| #ifdef HAVE_STRING_H
| # if !defined STDC_HEADERS && defined HAVE_MEMORY_H
| #  include <memory.h>
| # endif
| # include <string.h>
| #endif
| #ifdef HAVE_STRINGS_H
| # include <strings.h>
| #endif
| #ifdef HAVE_INTTYPES_H
| # include <inttypes.h>
| #endif
| #ifdef HAVE_STDINT_H
| # include <stdint.h>
| #endif
| #ifdef HAVE_UNISTD_H
| # include <unistd.h>
| #endif
| int
| main ()
| {
| if (sizeof ((pid_t)))
| 	    return 0;
|   ;
|   return 0;
| }
configure:14699: result: yes
configure:14710: checking for off_t
configure:14710: gcc -c -g -O2  conftest.c >&5
configure:14710: $? = 0
configure:14710: gcc -c -g -O2  conftest.c >&5
conftest.c: In function 'main':
conftest.c:66:20: error: expected expression before ')' token
 if (sizeof ((off_t)))
                    ^
configure:14710: $? = 1
configure: failed program was:
| /* confdefs.h */
| #define PACKAGE_NAME "MEGAcmd"
| #define PACKAGE_TARNAME "megacmd"
| #define PACKAGE_VERSION "1.4.0"
| #define PACKAGE_STRING "MEGAcmd 1.4.0"
| #define PACKAGE_BUGREPORT "https://github.com/meganz/megacmd"
| #define PACKAGE_URL ""
| #define PACKAGE "megacmd"
| #define VERSION "1.4.0"
| #define STDC_HEADERS 1
| #define HAVE_SYS_TYPES_H 1
| #define HAVE_SYS_STAT_H 1
| #define HAVE_STDLIB_H 1
| #define HAVE_STRING_H 1
| #define HAVE_MEMORY_H 1
| #define HAVE_STRINGS_H 1
| #define HAVE_INTTYPES_H 1
| #define HAVE_STDINT_H 1
| #define HAVE_UNISTD_H 1
| #define __EXTENSIONS__ 1
| #define _ALL_SOURCE 1
| #define _GNU_SOURCE 1
| #define _POSIX_PTHREAD_SEMANTICS 1
| #define _TANDEM_SOURCE 1
| #define PACKAGE "megacmd"
| #define VERSION "1.4.0"
| #define HAVE_DLFCN_H 1
| #define LT_OBJDIR ".libs/"
| /* end confdefs.h.  */
| #include <stdio.h>
| #ifdef HAVE_SYS_TYPES_H
| # include <sys/types.h>
| #endif
| #ifdef HAVE_SYS_STAT_H
| # include <sys/stat.h>
| #endif
| #ifdef STDC_HEADERS
| # include <stdlib.h>
| # include <stddef.h>
| #else
| # ifdef HAVE_STDLIB_H
| #  include <stdlib.h>
| # endif
| #endif
| #ifdef HAVE_STRING_H
| # if !defined STDC_HEADERS && defined HAVE_MEMORY_H
| #  include <memory.h>
| # endif
| # include <string.h>
| #endif
| #ifdef HAVE_STRINGS_H
| # include <strings.h>
| #endif
| #ifdef HAVE_INTTYPES_H
| # include <inttypes.h>
| #endif
| #ifdef HAVE_STDINT_H
| # include <stdint.h>
| #endif
| #ifdef HAVE_UNISTD_H
| # include <unistd.h>
| #endif
| int
| main ()
| {
| if (sizeof ((off_t)))
| 	    return 0;
|   ;
|   return 0;
| }
configure:14710: result: yes
configure:14724: checking for ssize_t
configure:14724: gcc -c -g -O2  conftest.c >&5
configure:14724: $? = 0
configure:14724: gcc -c -g -O2  conftest.c >&5
conftest.c: In function 'main':
conftest.c:66:22: error: expected expression before ')' token
 if (sizeof ((ssize_t)))
                      ^
configure:14724: $? = 1
configure: failed program was:
| /* confdefs.h */
| #define PACKAGE_NAME "MEGAcmd"
| #define PACKAGE_TARNAME "megacmd"
| #define PACKAGE_VERSION "1.4.0"
| #define PACKAGE_STRING "MEGAcmd 1.4.0"
| #define PACKAGE_BUGREPORT "https://github.com/meganz/megacmd"
| #define PACKAGE_URL ""
| #define PACKAGE "megacmd"
| #define VERSION "1.4.0"
| #define STDC_HEADERS 1
| #define HAVE_SYS_TYPES_H 1
| #define HAVE_SYS_STAT_H 1
| #define HAVE_STDLIB_H 1
| #define HAVE_STRING_H 1
| #define HAVE_MEMORY_H 1
| #define HAVE_STRINGS_H 1
| #define HAVE_INTTYPES_H 1
| #define HAVE_STDINT_H 1
| #define HAVE_UNISTD_H 1
| #define __EXTENSIONS__ 1
| #define _ALL_SOURCE 1
| #define _GNU_SOURCE 1
| #define _POSIX_PTHREAD_SEMANTICS 1
| #define _TANDEM_SOURCE 1
| #define PACKAGE "megacmd"
| #define VERSION "1.4.0"
| #define HAVE_DLFCN_H 1
| #define LT_OBJDIR ".libs/"
| /* end confdefs.h.  */
| #include <stdio.h>
| #ifdef HAVE_SYS_TYPES_H
| # include <sys/types.h>
| #endif
| #ifdef HAVE_SYS_STAT_H
| # include <sys/stat.h>
| #endif
| #ifdef STDC_HEADERS
| # include <stdlib.h>
| # include <stddef.h>
| #else
| # ifdef HAVE_STDLIB_H
| #  include <stdlib.h>
| # endif
| #endif
| #ifdef HAVE_STRING_H
| # if !defined STDC_HEADERS && defined HAVE_MEMORY_H
| #  include <memory.h>
| # endif
| # include <string.h>
| #endif
| #ifdef HAVE_STRINGS_H
| # include <strings.h>
| #endif
| #ifdef HAVE_INTTYPES_H
| # include <inttypes.h>
| #endif
| #ifdef HAVE_STDINT_H
| # include <stdint.h>
| #endif
| #ifdef HAVE_UNISTD_H
| # include <unistd.h>
| #endif
| int
| main ()
| {
| if (sizeof ((ssize_t)))
| 	    return 0;
|   ;
|   return 0;
| }
configure:14724: result: yes
configure:14792: checking for g++
configure:14808: found /usr/bin/g++
configure:14819: result: g++
configure:14844: checking for Objective C++ compiler version
configure:14853: g++ --version >&5
g++ (Ubuntu 7.5.0-3ubuntu1~18.04) 7.5.0
Copyright (C) 2017 Free Software Foundation, Inc.
This is free software; see the source for copying conditions.  There is NO
warranty; not even for MERCHANTABILITY or FITNESS FOR A PARTICULAR PURPOSE.

configure:14864: $? = 0
configure:14853: g++ -v >&5
Using built-in specs.
COLLECT_GCC=g++
COLLECT_LTO_WRAPPER=/usr/lib/gcc/x86_64-linux-gnu/7/lto-wrapper
OFFLOAD_TARGET_NAMES=nvptx-none
OFFLOAD_TARGET_DEFAULT=1
Target: x86_64-linux-gnu
Configured with: ../src/configure -v --with-pkgversion='Ubuntu 7.5.0-3ubuntu1~18.04' --with-bugurl=file:///usr/share/doc/gcc-7/README.Bugs --enable-languages=c,ada,c++,go,brig,d,fortran,objc,obj-c++ --prefix=/usr --with-gcc-major-version-only --program-suffix=-7 --program-prefix=x86_64-linux-gnu- --enable-shared --enable-linker-build-id --libexecdir=/usr/lib --without-included-gettext --enable-threads=posix --libdir=/usr/lib --enable-nls --enable-bootstrap --enable-clocale=gnu --enable-libstdcxx-debug --enable-libstdcxx-time=yes --with-default-libstdcxx-abi=new --enable-gnu-unique-object --disable-vtable-verify --enable-libmpx --enable-plugin --enable-default-pie --with-system-zlib --with-target-system-zlib --enable-objc-gc=auto --enable-multiarch --disable-werror --with-arch-32=i686 --with-abi=m64 --with-multilib-list=m32,m64,mx32 --enable-multilib --with-tune=generic --enable-offload-targets=nvptx-none --without-cuda-driver --enable-checking=release --build=x86_64-linux-gnu --host=x86_64-linux-gnu --target=x86_64-linux-gnu
Thread model: posix
gcc version 7.5.0 (Ubuntu 7.5.0-3ubuntu1~18.04) 
configure:14864: $? = 0
configure:14853: g++ -V >&5
g++: error: unrecognized command line option '-V'
g++: fatal error: no input files
compilation terminated.
configure:14864: $? = 1
configure:14853: g++ -qversion >&5
g++: error: unrecognized command line option '-qversion'; did you mean '--version'?
g++: fatal error: no input files
compilation terminated.
configure:14864: $? = 1
configure:14868: checking whether we are using the GNU Objective C++ compiler
configure:14887: g++ -c   conftest.mm >&5
g++: error trying to exec 'cc1objplus': execvp: No such file or directory
configure:14887: $? = 1
configure: failed program was:
| /* confdefs.h */
| #define PACKAGE_NAME "MEGAcmd"
| #define PACKAGE_TARNAME "megacmd"
| #define PACKAGE_VERSION "1.4.0"
| #define PACKAGE_STRING "MEGAcmd 1.4.0"
| #define PACKAGE_BUGREPORT "https://github.com/meganz/megacmd"
| #define PACKAGE_URL ""
| #define PACKAGE "megacmd"
| #define VERSION "1.4.0"
| #define STDC_HEADERS 1
| #define HAVE_SYS_TYPES_H 1
| #define HAVE_SYS_STAT_H 1
| #define HAVE_STDLIB_H 1
| #define HAVE_STRING_H 1
| #define HAVE_MEMORY_H 1
| #define HAVE_STRINGS_H 1
| #define HAVE_INTTYPES_H 1
| #define HAVE_STDINT_H 1
| #define HAVE_UNISTD_H 1
| #define __EXTENSIONS__ 1
| #define _ALL_SOURCE 1
| #define _GNU_SOURCE 1
| #define _POSIX_PTHREAD_SEMANTICS 1
| #define _TANDEM_SOURCE 1
| #define PACKAGE "megacmd"
| #define VERSION "1.4.0"
| #define HAVE_DLFCN_H 1
| #define LT_OBJDIR ".libs/"
| #define HAVE_SSIZE_T 1
| /* end confdefs.h.  */
| 
| int
| main ()
| {
| #ifndef __GNUC__
|        choke me
| #endif
| 
|   ;
|   return 0;
| }
configure:14896: result: no
configure:14905: checking whether g++ accepts -g
configure:14925: g++ -c -g  conftest.mm >&5
g++: error trying to exec 'cc1objplus': execvp: No such file or directory
configure:14925: $? = 1
configure: failed program was:
| /* confdefs.h */
| #define PACKAGE_NAME "MEGAcmd"
| #define PACKAGE_TARNAME "megacmd"
| #define PACKAGE_VERSION "1.4.0"
| #define PACKAGE_STRING "MEGAcmd 1.4.0"
| #define PACKAGE_BUGREPORT "https://github.com/meganz/megacmd"
| #define PACKAGE_URL ""
| #define PACKAGE "megacmd"
| #define VERSION "1.4.0"
| #define STDC_HEADERS 1
| #define HAVE_SYS_TYPES_H 1
| #define HAVE_SYS_STAT_H 1
| #define HAVE_STDLIB_H 1
| #define HAVE_STRING_H 1
| #define HAVE_MEMORY_H 1
| #define HAVE_STRINGS_H 1
| #define HAVE_INTTYPES_H 1
| #define HAVE_STDINT_H 1
| #define HAVE_UNISTD_H 1
| #define __EXTENSIONS__ 1
| #define _ALL_SOURCE 1
| #define _GNU_SOURCE 1
| #define _POSIX_PTHREAD_SEMANTICS 1
| #define _TANDEM_SOURCE 1
| #define PACKAGE "megacmd"
| #define VERSION "1.4.0"
| #define HAVE_DLFCN_H 1
| #define LT_OBJDIR ".libs/"
| #define HAVE_SSIZE_T 1
| /* end confdefs.h.  */
| 
| int
| main ()
| {
| 
|   ;
|   return 0;
| }
configure:14940: g++ -c   conftest.mm >&5
g++: error trying to exec 'cc1objplus': execvp: No such file or directory
configure:14940: $? = 1
configure: failed program was:
| /* confdefs.h */
| #define PACKAGE_NAME "MEGAcmd"
| #define PACKAGE_TARNAME "megacmd"
| #define PACKAGE_VERSION "1.4.0"
| #define PACKAGE_STRING "MEGAcmd 1.4.0"
| #define PACKAGE_BUGREPORT "https://github.com/meganz/megacmd"
| #define PACKAGE_URL ""
| #define PACKAGE "megacmd"
| #define VERSION "1.4.0"
| #define STDC_HEADERS 1
| #define HAVE_SYS_TYPES_H 1
| #define HAVE_SYS_STAT_H 1
| #define HAVE_STDLIB_H 1
| #define HAVE_STRING_H 1
| #define HAVE_MEMORY_H 1
| #define HAVE_STRINGS_H 1
| #define HAVE_INTTYPES_H 1
| #define HAVE_STDINT_H 1
| #define HAVE_UNISTD_H 1
| #define __EXTENSIONS__ 1
| #define _ALL_SOURCE 1
| #define _GNU_SOURCE 1
| #define _POSIX_PTHREAD_SEMANTICS 1
| #define _TANDEM_SOURCE 1
| #define PACKAGE "megacmd"
| #define VERSION "1.4.0"
| #define HAVE_DLFCN_H 1
| #define LT_OBJDIR ".libs/"
| #define HAVE_SSIZE_T 1
| /* end confdefs.h.  */
| 
| int
| main ()
| {
| 
|   ;
|   return 0;
| }
configure:14956: g++ -c -g  conftest.mm >&5
g++: error trying to exec 'cc1objplus': execvp: No such file or directory
configure:14956: $? = 1
configure: failed program was:
| /* confdefs.h */
| #define PACKAGE_NAME "MEGAcmd"
| #define PACKAGE_TARNAME "megacmd"
| #define PACKAGE_VERSION "1.4.0"
| #define PACKAGE_STRING "MEGAcmd 1.4.0"
| #define PACKAGE_BUGREPORT "https://github.com/meganz/megacmd"
| #define PACKAGE_URL ""
| #define PACKAGE "megacmd"
| #define VERSION "1.4.0"
| #define STDC_HEADERS 1
| #define HAVE_SYS_TYPES_H 1
| #define HAVE_SYS_STAT_H 1
| #define HAVE_STDLIB_H 1
| #define HAVE_STRING_H 1
| #define HAVE_MEMORY_H 1
| #define HAVE_STRINGS_H 1
| #define HAVE_INTTYPES_H 1
| #define HAVE_STDINT_H 1
| #define HAVE_UNISTD_H 1
| #define __EXTENSIONS__ 1
| #define _ALL_SOURCE 1
| #define _GNU_SOURCE 1
| #define _POSIX_PTHREAD_SEMANTICS 1
| #define _TANDEM_SOURCE 1
| #define PACKAGE "megacmd"
| #define VERSION "1.4.0"
| #define HAVE_DLFCN_H 1
| #define LT_OBJDIR ".libs/"
| #define HAVE_SSIZE_T 1
| /* end confdefs.h.  */
| 
| int
| main ()
| {
| 
|   ;
|   return 0;
| }
configure:14966: result: no
configure:14991: checking dependency style of g++
configure:15100: result: gcc3
configure:15117: checking dependency style of g++
configure:15226: result: gcc3
configure:15299: checking for g++
configure:15315: found /usr/bin/g++
configure:15326: result: g++
configure:15353: checking for C++ compiler version
configure:15362: g++ --version >&5
g++ (Ubuntu 7.5.0-3ubuntu1~18.04) 7.5.0
Copyright (C) 2017 Free Software Foundation, Inc.
This is free software; see the source for copying conditions.  There is NO
warranty; not even for MERCHANTABILITY or FITNESS FOR A PARTICULAR PURPOSE.

configure:15373: $? = 0
configure:15362: g++ -v >&5
Using built-in specs.
COLLECT_GCC=g++
COLLECT_LTO_WRAPPER=/usr/lib/gcc/x86_64-linux-gnu/7/lto-wrapper
OFFLOAD_TARGET_NAMES=nvptx-none
OFFLOAD_TARGET_DEFAULT=1
Target: x86_64-linux-gnu
Configured with: ../src/configure -v --with-pkgversion='Ubuntu 7.5.0-3ubuntu1~18.04' --with-bugurl=file:///usr/share/doc/gcc-7/README.Bugs --enable-languages=c,ada,c++,go,brig,d,fortran,objc,obj-c++ --prefix=/usr --with-gcc-major-version-only --program-suffix=-7 --program-prefix=x86_64-linux-gnu- --enable-shared --enable-linker-build-id --libexecdir=/usr/lib --without-included-gettext --enable-threads=posix --libdir=/usr/lib --enable-nls --enable-bootstrap --enable-clocale=gnu --enable-libstdcxx-debug --enable-libstdcxx-time=yes --with-default-libstdcxx-abi=new --enable-gnu-unique-object --disable-vtable-verify --enable-libmpx --enable-plugin --enable-default-pie --with-system-zlib --with-target-system-zlib --enable-objc-gc=auto --enable-multiarch --disable-werror --with-arch-32=i686 --with-abi=m64 --with-multilib-list=m32,m64,mx32 --enable-multilib --with-tune=generic --enable-offload-targets=nvptx-none --without-cuda-driver --enable-checking=release --build=x86_64-linux-gnu --host=x86_64-linux-gnu --target=x86_64-linux-gnu
Thread model: posix
gcc version 7.5.0 (Ubuntu 7.5.0-3ubuntu1~18.04) 
configure:15373: $? = 0
configure:15362: g++ -V >&5
g++: error: unrecognized command line option '-V'
g++: fatal error: no input files
compilation terminated.
configure:15373: $? = 1
configure:15362: g++ -qversion >&5
g++: error: unrecognized command line option '-qversion'; did you mean '--version'?
g++: fatal error: no input files
compilation terminated.
configure:15373: $? = 1
configure:15377: checking whether we are using the GNU C++ compiler
configure:15396: g++ -c   conftest.cpp >&5
configure:15396: $? = 0
configure:15405: result: yes
configure:15414: checking whether g++ accepts -g
configure:15434: g++ -c -g  conftest.cpp >&5
configure:15434: $? = 0
configure:15475: result: yes
configure:15500: checking dependency style of g++
configure:15611: result: gcc3
configure:15628: checking dependency style of g++
configure:15739: result: gcc3
configure:15772: checking how to run the C++ preprocessor
configure:15799: g++ -E  conftest.cpp
configure:15799: $? = 0
configure:15813: g++ -E  conftest.cpp
conftest.cpp:31:10: fatal error: ac_nonexistent.h: No such file or directory
 #include <ac_nonexistent.h>
          ^~~~~~~~~~~~~~~~~~
compilation terminated.
configure:15813: $? = 1
configure: failed program was:
| /* confdefs.h */
| #define PACKAGE_NAME "MEGAcmd"
| #define PACKAGE_TARNAME "megacmd"
| #define PACKAGE_VERSION "1.4.0"
| #define PACKAGE_STRING "MEGAcmd 1.4.0"
| #define PACKAGE_BUGREPORT "https://github.com/meganz/megacmd"
| #define PACKAGE_URL ""
| #define PACKAGE "megacmd"
| #define VERSION "1.4.0"
| #define STDC_HEADERS 1
| #define HAVE_SYS_TYPES_H 1
| #define HAVE_SYS_STAT_H 1
| #define HAVE_STDLIB_H 1
| #define HAVE_STRING_H 1
| #define HAVE_MEMORY_H 1
| #define HAVE_STRINGS_H 1
| #define HAVE_INTTYPES_H 1
| #define HAVE_STDINT_H 1
| #define HAVE_UNISTD_H 1
| #define __EXTENSIONS__ 1
| #define _ALL_SOURCE 1
| #define _GNU_SOURCE 1
| #define _POSIX_PTHREAD_SEMANTICS 1
| #define _TANDEM_SOURCE 1
| #define PACKAGE "megacmd"
| #define VERSION "1.4.0"
| #define HAVE_DLFCN_H 1
| #define LT_OBJDIR ".libs/"
| #define HAVE_SSIZE_T 1
| /* end confdefs.h.  */
| #include <ac_nonexistent.h>
configure:15838: result: g++ -E
configure:15858: g++ -E  conftest.cpp
configure:15858: $? = 0
configure:15872: g++ -E  conftest.cpp
conftest.cpp:31:10: fatal error: ac_nonexistent.h: No such file or directory
 #include <ac_nonexistent.h>
          ^~~~~~~~~~~~~~~~~~
compilation terminated.
configure:15872: $? = 1
configure: failed program was:
| /* confdefs.h */
| #define PACKAGE_NAME "MEGAcmd"
| #define PACKAGE_TARNAME "megacmd"
| #define PACKAGE_VERSION "1.4.0"
| #define PACKAGE_STRING "MEGAcmd 1.4.0"
| #define PACKAGE_BUGREPORT "https://github.com/meganz/megacmd"
| #define PACKAGE_URL ""
| #define PACKAGE "megacmd"
| #define VERSION "1.4.0"
| #define STDC_HEADERS 1
| #define HAVE_SYS_TYPES_H 1
| #define HAVE_SYS_STAT_H 1
| #define HAVE_STDLIB_H 1
| #define HAVE_STRING_H 1
| #define HAVE_MEMORY_H 1
| #define HAVE_STRINGS_H 1
| #define HAVE_INTTYPES_H 1
| #define HAVE_STDINT_H 1
| #define HAVE_UNISTD_H 1
| #define __EXTENSIONS__ 1
| #define _ALL_SOURCE 1
| #define _GNU_SOURCE 1
| #define _POSIX_PTHREAD_SEMANTICS 1
| #define _TANDEM_SOURCE 1
| #define PACKAGE "megacmd"
| #define VERSION "1.4.0"
| #define HAVE_DLFCN_H 1
| #define LT_OBJDIR ".libs/"
| #define HAVE_SSIZE_T 1
| /* end confdefs.h.  */
| #include <ac_nonexistent.h>
configure:16034: checking for ld used by g++
configure:16101: result: /usr/bin/ld -m elf_x86_64
configure:16108: checking if the linker (/usr/bin/ld -m elf_x86_64) is GNU ld
configure:16123: result: yes
configure:16178: checking whether the g++ linker (/usr/bin/ld -m elf_x86_64) supports shared libraries
configure:17251: result: yes
configure:17287: g++ -c -g -O2  conftest.cpp >&5
configure:17290: $? = 0
configure:17771: checking for g++ option to produce PIC
configure:17778: result: -fPIC -DPIC
configure:17786: checking if g++ PIC flag -fPIC -DPIC works
configure:17804: g++ -c -g -O2  -fPIC -DPIC -DPIC conftest.cpp >&5
configure:17808: $? = 0
configure:17821: result: yes
configure:17844: checking if g++ static flag -static works
configure:17872: result: yes
configure:17884: checking if g++ supports -c -o file.o
configure:17905: g++ -c -g -O2  -o out/conftest2.o conftest.cpp >&5
configure:17909: $? = 0
configure:17931: result: yes
configure:17936: checking if g++ supports -c -o file.o
configure:17983: result: yes
configure:18013: checking whether the g++ linker (/usr/bin/ld -m elf_x86_64) supports shared libraries
configure:18056: result: yes
configure:18197: checking dynamic linker characteristics
configure:18954: result: GNU/Linux ld.so
configure:19019: checking how to hardcode library paths into programs
configure:19044: result: immediate
configure:19089: checking whether build environment is sane
configure:19144: result: yes
configure:19160: checking for cppcheck
configure:19190: result: no
configure:19222: checking whether g++ supports C++11 features by default
configure:19516: g++ -c -g -O2  conftest.cpp >&5
configure:19516: $? = 0
configure:19523: result: yes
configure:19880: checking for ANSI C header files
configure:19984: result: yes
configure:19992: checking for ANSI C header files
configure:20096: result: yes
configure:20104: checking for stdbool.h that conforms to C99
configure:20171: g++ -c -g -O2  conftest.cpp >&5
conftest.cpp:37:15: error: expected unqualified-id before string constant
               "error: bool is not defined"
               ^~~~~~~~~~~~~~~~~~~~~~~~~~~~
conftest.cpp:55:48: error: 's' does not name a type
              struct s { _Bool s: 1; _Bool t; } s;
                                                ^
conftest.cpp:65:28: error: 's' was not declared in this scope
              char i[sizeof s.t];
                            ^
conftest.cpp: In function 'int main()':
conftest.cpp:83:24: error: 's' was not declared in this scope
              bool e = &s;
                        ^
conftest.cpp:87:63: error: 'i' was not declared in this scope
              return (!a + !b + !c + !d + !e + !f + !g + !h + !i + !!j + !k + !!l
                                                               ^
configure:20171: $? = 1
configure: failed program was:
| /* confdefs.h */
| #define PACKAGE_NAME "MEGAcmd"
| #define PACKAGE_TARNAME "megacmd"
| #define PACKAGE_VERSION "1.4.0"
| #define PACKAGE_STRING "MEGAcmd 1.4.0"
| #define PACKAGE_BUGREPORT "https://github.com/meganz/megacmd"
| #define PACKAGE_URL ""
| #define PACKAGE "megacmd"
| #define VERSION "1.4.0"
| #define STDC_HEADERS 1
| #define HAVE_SYS_TYPES_H 1
| #define HAVE_SYS_STAT_H 1
| #define HAVE_STDLIB_H 1
| #define HAVE_STRING_H 1
| #define HAVE_MEMORY_H 1
| #define HAVE_STRINGS_H 1
| #define HAVE_INTTYPES_H 1
| #define HAVE_STDINT_H 1
| #define HAVE_UNISTD_H 1
| #define __EXTENSIONS__ 1
| #define _ALL_SOURCE 1
| #define _GNU_SOURCE 1
| #define _POSIX_PTHREAD_SEMANTICS 1
| #define _TANDEM_SOURCE 1
| #define PACKAGE "megacmd"
| #define VERSION "1.4.0"
| #define HAVE_DLFCN_H 1
| #define LT_OBJDIR ".libs/"
| #define HAVE_SSIZE_T 1
| #define HAVE_CXX11 1
| #define STDC_HEADERS 1
| #define STDC_HEADERS 1
| /* end confdefs.h.  */
| 
|              #include <stdbool.h>
|              #ifndef bool
|               "error: bool is not defined"
|              #endif
|              #ifndef false
|               "error: false is not defined"
|              #endif
|              #if false
|               "error: false is not 0"
|              #endif
|              #ifndef true
|               "error: true is not defined"
|              #endif
|              #if true != 1
|               "error: true is not 1"
|              #endif
|              #ifndef __bool_true_false_are_defined
|               "error: __bool_true_false_are_defined is not defined"
|              #endif
| 
|              struct s { _Bool s: 1; _Bool t; } s;
| 
|              char a[true == 1 ? 1 : -1];
|              char b[false == 0 ? 1 : -1];
|              char c[__bool_true_false_are_defined == 1 ? 1 : -1];
|              char d[(bool) 0.5 == true ? 1 : -1];
|              /* See body of main program for 'e'.  */
|              char f[(_Bool) 0.0 == false ? 1 : -1];
|              char g[true];
|              char h[sizeof (_Bool)];
|              char i[sizeof s.t];
|              enum { j = false, k = true, l = false * true, m = true * 256 };
|              /* The following fails for
|                 HP aC++/ANSI C B3910B A.05.55 [Dec 04 2003]. */
|              _Bool n[m];
|              char o[sizeof n == m * sizeof n[0] ? 1 : -1];
|              char p[-1 - (_Bool) 0 < 0 && -1 - (bool) 0 < 0 ? 1 : -1];
|              /* Catch a bug in an HP-UX C compiler.  See
|                 http://gcc.gnu.org/ml/gcc-patches/2003-12/msg02303.html
|                 http://lists.gnu.org/archive/html/bug-coreutils/2005-11/msg00161.html
|               */
|              _Bool q = true;
|              _Bool *pq = &q;
| 
| int
| main ()
| {
| 
|              bool e = &s;
|              *pq |= q;
|              *pq |= ! q;
|              /* Refer to every declared value, to avoid compiler optimizations.  */
|              return (!a + !b + !c + !d + !e + !f + !g + !h + !i + !!j + !k + !!l
|                      + !m + !n + !o + !p + !q + !pq);
| 
|   ;
|   return 0;
| }
configure:20178: result: no
configure:20180: checking for _Bool
configure:20180: g++ -c -g -O2  conftest.cpp >&5
conftest.cpp: In function 'int main()':
conftest.cpp:70:13: error: '_Bool' was not declared in this scope
 if (sizeof (_Bool))
             ^~~~~
conftest.cpp:70:13: note: suggested alternative: 'bool'
 if (sizeof (_Bool))
             ^~~~~
             bool
configure:20180: $? = 1
configure: failed program was:
| /* confdefs.h */
| #define PACKAGE_NAME "MEGAcmd"
| #define PACKAGE_TARNAME "megacmd"
| #define PACKAGE_VERSION "1.4.0"
| #define PACKAGE_STRING "MEGAcmd 1.4.0"
| #define PACKAGE_BUGREPORT "https://github.com/meganz/megacmd"
| #define PACKAGE_URL ""
| #define PACKAGE "megacmd"
| #define VERSION "1.4.0"
| #define STDC_HEADERS 1
| #define HAVE_SYS_TYPES_H 1
| #define HAVE_SYS_STAT_H 1
| #define HAVE_STDLIB_H 1
| #define HAVE_STRING_H 1
| #define HAVE_MEMORY_H 1
| #define HAVE_STRINGS_H 1
| #define HAVE_INTTYPES_H 1
| #define HAVE_STDINT_H 1
| #define HAVE_UNISTD_H 1
| #define __EXTENSIONS__ 1
| #define _ALL_SOURCE 1
| #define _GNU_SOURCE 1
| #define _POSIX_PTHREAD_SEMANTICS 1
| #define _TANDEM_SOURCE 1
| #define PACKAGE "megacmd"
| #define VERSION "1.4.0"
| #define HAVE_DLFCN_H 1
| #define LT_OBJDIR ".libs/"
| #define HAVE_SSIZE_T 1
| #define HAVE_CXX11 1
| #define STDC_HEADERS 1
| #define STDC_HEADERS 1
| /* end confdefs.h.  */
| #include <stdio.h>
| #ifdef HAVE_SYS_TYPES_H
| # include <sys/types.h>
| #endif
| #ifdef HAVE_SYS_STAT_H
| # include <sys/stat.h>
| #endif
| #ifdef STDC_HEADERS
| # include <stdlib.h>
| # include <stddef.h>
| #else
| # ifdef HAVE_STDLIB_H
| #  include <stdlib.h>
| # endif
| #endif
| #ifdef HAVE_STRING_H
| # if !defined STDC_HEADERS && defined HAVE_MEMORY_H
| #  include <memory.h>
| # endif
| # include <string.h>
| #endif
| #ifdef HAVE_STRINGS_H
| # include <strings.h>
| #endif
| #ifdef HAVE_INTTYPES_H
| # include <inttypes.h>
| #endif
| #ifdef HAVE_STDINT_H
| # include <stdint.h>
| #endif
| #ifdef HAVE_UNISTD_H
| # include <unistd.h>
| #endif
| int
| main ()
| {
| if (sizeof (_Bool))
| 	 return 0;
|   ;
|   return 0;
| }
configure:20180: result: no
configure:20200: checking for dirent.h that defines DIR
configure:20219: g++ -c -g -O2  conftest.cpp >&5
configure:20219: $? = 0
configure:20227: result: yes
configure:20240: checking for library containing opendir
configure:20271: g++ -o conftest -g -O2   conftest.cpp  >&5
configure:20271: $? = 0
configure:20288: result: none required
configure:20365: checking for special C compiler options needed for large files
configure:20410: result: no
configure:20416: checking for _FILE_OFFSET_BITS value needed for large files
configure:20441: g++ -c -g -O2  conftest.cpp >&5
configure:20441: $? = 0
configure:20473: result: no
configure:20559: checking for _LARGEFILE_SOURCE value needed for large files
configure:20578: g++ -o conftest -g -O2   conftest.cpp  >&5
configure:20578: $? = 0
configure:20606: result: no
configure:20627: checking for off_t
configure:20627: result: yes
configure:20644: checking size of uint64_t
configure:20649: g++ -o conftest -g -O2   conftest.cpp  >&5
configure:20649: $? = 0
configure:20649: ./conftest
configure:20649: $? = 0
configure:20663: result: 8
configure:20673: checking whether struct tm is in sys/time.h or time.h
configure:20693: g++ -c -g -O2  conftest.cpp >&5
configure:20693: $? = 0
configure:20700: result: time.h
configure:20708: checking for off_t
configure:20708: result: yes
configure:20719: checking for size_t
configure:20719: result: yes
configure:20734: checking arpa/inet.h usability
configure:20734: g++ -c -g -O2  conftest.cpp >&5
configure:20734: $? = 0
configure:20734: result: yes
configure:20734: checking arpa/inet.h presence
configure:20734: g++ -E  conftest.cpp
configure:20734: $? = 0
configure:20734: result: yes
configure:20734: checking for arpa/inet.h
configure:20734: result: yes
configure:20734: checking netdb.h usability
configure:20734: g++ -c -g -O2  conftest.cpp >&5
configure:20734: $? = 0
configure:20734: result: yes
configure:20734: checking netdb.h presence
configure:20734: g++ -E  conftest.cpp
configure:20734: $? = 0
configure:20734: result: yes
configure:20734: checking for netdb.h
configure:20734: result: yes
configure:20734: checking netinet/in.h usability
configure:20734: g++ -c -g -O2  conftest.cpp >&5
configure:20734: $? = 0
configure:20734: result: yes
configure:20734: checking netinet/in.h presence
configure:20734: g++ -E  conftest.cpp
configure:20734: $? = 0
configure:20734: result: yes
configure:20734: checking for netinet/in.h
configure:20734: result: yes
configure:20734: checking stddef.h usability
configure:20734: g++ -c -g -O2  conftest.cpp >&5
configure:20734: $? = 0
configure:20734: result: yes
configure:20734: checking stddef.h presence
configure:20734: g++ -E  conftest.cpp
configure:20734: $? = 0
configure:20734: result: yes
configure:20734: checking for stddef.h
configure:20734: result: yes
configure:20734: checking for stdint.h
configure:20734: result: yes
configure:20734: checking for stdlib.h
configure:20734: result: yes
configure:20734: checking sys/socket.h usability
configure:20734: g++ -c -g -O2  conftest.cpp >&5
configure:20734: $? = 0
configure:20734: result: yes
configure:20734: checking sys/socket.h presence
configure:20734: g++ -E  conftest.cpp
configure:20734: $? = 0
configure:20734: result: yes
configure:20734: checking for sys/socket.h
configure:20734: result: yes
configure:20734: checking sys/timeb.h usability
configure:20734: g++ -c -g -O2  conftest.cpp >&5
configure:20734: $? = 0
configure:20734: result: yes
configure:20734: checking sys/timeb.h presence
configure:20734: g++ -E  conftest.cpp
configure:20734: $? = 0
configure:20734: result: yes
configure:20734: checking for sys/timeb.h
configure:20734: result: yes
configure:20734: checking htonl usability
configure:20734: g++ -c -g -O2  conftest.cpp >&5
conftest.cpp:78:10: fatal error: htonl: No such file or directory
 #include <htonl>
          ^~~~~~~
compilation terminated.
configure:20734: $? = 1
configure: failed program was:
| /* confdefs.h */
| #define PACKAGE_NAME "MEGAcmd"
| #define PACKAGE_TARNAME "megacmd"
| #define PACKAGE_VERSION "1.4.0"
| #define PACKAGE_STRING "MEGAcmd 1.4.0"
| #define PACKAGE_BUGREPORT "https://github.com/meganz/megacmd"
| #define PACKAGE_URL ""
| #define PACKAGE "megacmd"
| #define VERSION "1.4.0"
| #define STDC_HEADERS 1
| #define HAVE_SYS_TYPES_H 1
| #define HAVE_SYS_STAT_H 1
| #define HAVE_STDLIB_H 1
| #define HAVE_STRING_H 1
| #define HAVE_MEMORY_H 1
| #define HAVE_STRINGS_H 1
| #define HAVE_INTTYPES_H 1
| #define HAVE_STDINT_H 1
| #define HAVE_UNISTD_H 1
| #define __EXTENSIONS__ 1
| #define _ALL_SOURCE 1
| #define _GNU_SOURCE 1
| #define _POSIX_PTHREAD_SEMANTICS 1
| #define _TANDEM_SOURCE 1
| #define PACKAGE "megacmd"
| #define VERSION "1.4.0"
| #define HAVE_DLFCN_H 1
| #define LT_OBJDIR ".libs/"
| #define HAVE_SSIZE_T 1
| #define HAVE_CXX11 1
| #define STDC_HEADERS 1
| #define STDC_HEADERS 1
| #define HAVE_DIRENT_H 1
| #define HAVE_FSEEKO 1
| #define SIZEOF_UINT64_T 8
| #define HAVE_ARPA_INET_H 1
| #define HAVE_NETDB_H 1
| #define HAVE_NETINET_IN_H 1
| #define HAVE_STDDEF_H 1
| #define HAVE_STDINT_H 1
| #define HAVE_STDLIB_H 1
| #define HAVE_SYS_SOCKET_H 1
| #define HAVE_SYS_TIMEB_H 1
| /* end confdefs.h.  */
| #include <stdio.h>
| #ifdef HAVE_SYS_TYPES_H
| # include <sys/types.h>
| #endif
| #ifdef HAVE_SYS_STAT_H
| # include <sys/stat.h>
| #endif
| #ifdef STDC_HEADERS
| # include <stdlib.h>
| # include <stddef.h>
| #else
| # ifdef HAVE_STDLIB_H
| #  include <stdlib.h>
| # endif
| #endif
| #ifdef HAVE_STRING_H
| # if !defined STDC_HEADERS && defined HAVE_MEMORY_H
| #  include <memory.h>
| # endif
| # include <string.h>
| #endif
| #ifdef HAVE_STRINGS_H
| # include <strings.h>
| #endif
| #ifdef HAVE_INTTYPES_H
| # include <inttypes.h>
| #endif
| #ifdef HAVE_STDINT_H
| # include <stdint.h>
| #endif
| #ifdef HAVE_UNISTD_H
| # include <unistd.h>
| #endif
| #include <htonl>
configure:20734: result: no
configure:20734: checking htonl presence
configure:20734: g++ -E  conftest.cpp
conftest.cpp:45:10: fatal error: htonl: No such file or directory
 #include <htonl>
          ^~~~~~~
compilation terminated.
configure:20734: $? = 1
configure: failed program was:
| /* confdefs.h */
| #define PACKAGE_NAME "MEGAcmd"
| #define PACKAGE_TARNAME "megacmd"
| #define PACKAGE_VERSION "1.4.0"
| #define PACKAGE_STRING "MEGAcmd 1.4.0"
| #define PACKAGE_BUGREPORT "https://github.com/meganz/megacmd"
| #define PACKAGE_URL ""
| #define PACKAGE "megacmd"
| #define VERSION "1.4.0"
| #define STDC_HEADERS 1
| #define HAVE_SYS_TYPES_H 1
| #define HAVE_SYS_STAT_H 1
| #define HAVE_STDLIB_H 1
| #define HAVE_STRING_H 1
| #define HAVE_MEMORY_H 1
| #define HAVE_STRINGS_H 1
| #define HAVE_INTTYPES_H 1
| #define HAVE_STDINT_H 1
| #define HAVE_UNISTD_H 1
| #define __EXTENSIONS__ 1
| #define _ALL_SOURCE 1
| #define _GNU_SOURCE 1
| #define _POSIX_PTHREAD_SEMANTICS 1
| #define _TANDEM_SOURCE 1
| #define PACKAGE "megacmd"
| #define VERSION "1.4.0"
| #define HAVE_DLFCN_H 1
| #define LT_OBJDIR ".libs/"
| #define HAVE_SSIZE_T 1
| #define HAVE_CXX11 1
| #define STDC_HEADERS 1
| #define STDC_HEADERS 1
| #define HAVE_DIRENT_H 1
| #define HAVE_FSEEKO 1
| #define SIZEOF_UINT64_T 8
| #define HAVE_ARPA_INET_H 1
| #define HAVE_NETDB_H 1
| #define HAVE_NETINET_IN_H 1
| #define HAVE_STDDEF_H 1
| #define HAVE_STDINT_H 1
| #define HAVE_STDLIB_H 1
| #define HAVE_SYS_SOCKET_H 1
| #define HAVE_SYS_TIMEB_H 1
| /* end confdefs.h.  */
| #include <htonl>
configure:20734: result: no
configure:20734: checking for htonl
configure:20734: result: no
configure:20734: checking glob.h usability
configure:20734: g++ -c -g -O2  conftest.cpp >&5
configure:20734: $? = 0
configure:20734: result: yes
configure:20734: checking glob.h presence
configure:20734: g++ -E  conftest.cpp
configure:20734: $? = 0
configure:20734: result: yes
configure:20734: checking for glob.h
configure:20734: result: yes
configure:20734: checking malloc.h usability
configure:20734: g++ -c -g -O2  conftest.cpp >&5
configure:20734: $? = 0
configure:20734: result: yes
configure:20734: checking malloc.h presence
configure:20734: g++ -E  conftest.cpp
configure:20734: $? = 0
configure:20734: result: yes
configure:20734: checking for malloc.h
configure:20734: result: yes
configure:20734: checking sys/malloc.h usability
configure:20734: g++ -c -g -O2  conftest.cpp >&5
conftest.cpp:80:10: fatal error: sys/malloc.h: No such file or directory
 #include <sys/malloc.h>
          ^~~~~~~~~~~~~~
compilation terminated.
configure:20734: $? = 1
configure: failed program was:
| /* confdefs.h */
| #define PACKAGE_NAME "MEGAcmd"
| #define PACKAGE_TARNAME "megacmd"
| #define PACKAGE_VERSION "1.4.0"
| #define PACKAGE_STRING "MEGAcmd 1.4.0"
| #define PACKAGE_BUGREPORT "https://github.com/meganz/megacmd"
| #define PACKAGE_URL ""
| #define PACKAGE "megacmd"
| #define VERSION "1.4.0"
| #define STDC_HEADERS 1
| #define HAVE_SYS_TYPES_H 1
| #define HAVE_SYS_STAT_H 1
| #define HAVE_STDLIB_H 1
| #define HAVE_STRING_H 1
| #define HAVE_MEMORY_H 1
| #define HAVE_STRINGS_H 1
| #define HAVE_INTTYPES_H 1
| #define HAVE_STDINT_H 1
| #define HAVE_UNISTD_H 1
| #define __EXTENSIONS__ 1
| #define _ALL_SOURCE 1
| #define _GNU_SOURCE 1
| #define _POSIX_PTHREAD_SEMANTICS 1
| #define _TANDEM_SOURCE 1
| #define PACKAGE "megacmd"
| #define VERSION "1.4.0"
| #define HAVE_DLFCN_H 1
| #define LT_OBJDIR ".libs/"
| #define HAVE_SSIZE_T 1
| #define HAVE_CXX11 1
| #define STDC_HEADERS 1
| #define STDC_HEADERS 1
| #define HAVE_DIRENT_H 1
| #define HAVE_FSEEKO 1
| #define SIZEOF_UINT64_T 8
| #define HAVE_ARPA_INET_H 1
| #define HAVE_NETDB_H 1
| #define HAVE_NETINET_IN_H 1
| #define HAVE_STDDEF_H 1
| #define HAVE_STDINT_H 1
| #define HAVE_STDLIB_H 1
| #define HAVE_SYS_SOCKET_H 1
| #define HAVE_SYS_TIMEB_H 1
| #define HAVE_GLOB_H 1
| #define HAVE_MALLOC_H 1
| /* end confdefs.h.  */
| #include <stdio.h>
| #ifdef HAVE_SYS_TYPES_H
| # include <sys/types.h>
| #endif
| #ifdef HAVE_SYS_STAT_H
| # include <sys/stat.h>
| #endif
| #ifdef STDC_HEADERS
| # include <stdlib.h>
| # include <stddef.h>
| #else
| # ifdef HAVE_STDLIB_H
| #  include <stdlib.h>
| # endif
| #endif
| #ifdef HAVE_STRING_H
| # if !defined STDC_HEADERS && defined HAVE_MEMORY_H
| #  include <memory.h>
| # endif
| # include <string.h>
| #endif
| #ifdef HAVE_STRINGS_H
| # include <strings.h>
| #endif
| #ifdef HAVE_INTTYPES_H
| # include <inttypes.h>
| #endif
| #ifdef HAVE_STDINT_H
| # include <stdint.h>
| #endif
| #ifdef HAVE_UNISTD_H
| # include <unistd.h>
| #endif
| #include <sys/malloc.h>
configure:20734: result: no
configure:20734: checking sys/malloc.h presence
configure:20734: g++ -E  conftest.cpp
conftest.cpp:47:10: fatal error: sys/malloc.h: No such file or directory
 #include <sys/malloc.h>
          ^~~~~~~~~~~~~~
compilation terminated.
configure:20734: $? = 1
configure: failed program was:
| /* confdefs.h */
| #define PACKAGE_NAME "MEGAcmd"
| #define PACKAGE_TARNAME "megacmd"
| #define PACKAGE_VERSION "1.4.0"
| #define PACKAGE_STRING "MEGAcmd 1.4.0"
| #define PACKAGE_BUGREPORT "https://github.com/meganz/megacmd"
| #define PACKAGE_URL ""
| #define PACKAGE "megacmd"
| #define VERSION "1.4.0"
| #define STDC_HEADERS 1
| #define HAVE_SYS_TYPES_H 1
| #define HAVE_SYS_STAT_H 1
| #define HAVE_STDLIB_H 1
| #define HAVE_STRING_H 1
| #define HAVE_MEMORY_H 1
| #define HAVE_STRINGS_H 1
| #define HAVE_INTTYPES_H 1
| #define HAVE_STDINT_H 1
| #define HAVE_UNISTD_H 1
| #define __EXTENSIONS__ 1
| #define _ALL_SOURCE 1
| #define _GNU_SOURCE 1
| #define _POSIX_PTHREAD_SEMANTICS 1
| #define _TANDEM_SOURCE 1
| #define PACKAGE "megacmd"
| #define VERSION "1.4.0"
| #define HAVE_DLFCN_H 1
| #define LT_OBJDIR ".libs/"
| #define HAVE_SSIZE_T 1
| #define HAVE_CXX11 1
| #define STDC_HEADERS 1
| #define STDC_HEADERS 1
| #define HAVE_DIRENT_H 1
| #define HAVE_FSEEKO 1
| #define SIZEOF_UINT64_T 8
| #define HAVE_ARPA_INET_H 1
| #define HAVE_NETDB_H 1
| #define HAVE_NETINET_IN_H 1
| #define HAVE_STDDEF_H 1
| #define HAVE_STDINT_H 1
| #define HAVE_STDLIB_H 1
| #define HAVE_SYS_SOCKET_H 1
| #define HAVE_SYS_TIMEB_H 1
| #define HAVE_GLOB_H 1
| #define HAVE_MALLOC_H 1
| /* end confdefs.h.  */
| #include <sys/malloc.h>
configure:20734: result: no
configure:20734: checking for sys/malloc.h
configure:20734: result: no
configure:20734: checking malloc/malloc.h usability
configure:20734: g++ -c -g -O2  conftest.cpp >&5
conftest.cpp:80:10: fatal error: malloc/malloc.h: No such file or directory
 #include <malloc/malloc.h>
          ^~~~~~~~~~~~~~~~~
compilation terminated.
configure:20734: $? = 1
configure: failed program was:
| /* confdefs.h */
| #define PACKAGE_NAME "MEGAcmd"
| #define PACKAGE_TARNAME "megacmd"
| #define PACKAGE_VERSION "1.4.0"
| #define PACKAGE_STRING "MEGAcmd 1.4.0"
| #define PACKAGE_BUGREPORT "https://github.com/meganz/megacmd"
| #define PACKAGE_URL ""
| #define PACKAGE "megacmd"
| #define VERSION "1.4.0"
| #define STDC_HEADERS 1
| #define HAVE_SYS_TYPES_H 1
| #define HAVE_SYS_STAT_H 1
| #define HAVE_STDLIB_H 1
| #define HAVE_STRING_H 1
| #define HAVE_MEMORY_H 1
| #define HAVE_STRINGS_H 1
| #define HAVE_INTTYPES_H 1
| #define HAVE_STDINT_H 1
| #define HAVE_UNISTD_H 1
| #define __EXTENSIONS__ 1
| #define _ALL_SOURCE 1
| #define _GNU_SOURCE 1
| #define _POSIX_PTHREAD_SEMANTICS 1
| #define _TANDEM_SOURCE 1
| #define PACKAGE "megacmd"
| #define VERSION "1.4.0"
| #define HAVE_DLFCN_H 1
| #define LT_OBJDIR ".libs/"
| #define HAVE_SSIZE_T 1
| #define HAVE_CXX11 1
| #define STDC_HEADERS 1
| #define STDC_HEADERS 1
| #define HAVE_DIRENT_H 1
| #define HAVE_FSEEKO 1
| #define SIZEOF_UINT64_T 8
| #define HAVE_ARPA_INET_H 1
| #define HAVE_NETDB_H 1
| #define HAVE_NETINET_IN_H 1
| #define HAVE_STDDEF_H 1
| #define HAVE_STDINT_H 1
| #define HAVE_STDLIB_H 1
| #define HAVE_SYS_SOCKET_H 1
| #define HAVE_SYS_TIMEB_H 1
| #define HAVE_GLOB_H 1
| #define HAVE_MALLOC_H 1
| /* end confdefs.h.  */
| #include <stdio.h>
| #ifdef HAVE_SYS_TYPES_H
| # include <sys/types.h>
| #endif
| #ifdef HAVE_SYS_STAT_H
| # include <sys/stat.h>
| #endif
| #ifdef STDC_HEADERS
| # include <stdlib.h>
| # include <stddef.h>
| #else
| # ifdef HAVE_STDLIB_H
| #  include <stdlib.h>
| # endif
| #endif
| #ifdef HAVE_STRING_H
| # if !defined STDC_HEADERS && defined HAVE_MEMORY_H
| #  include <memory.h>
| # endif
| # include <string.h>
| #endif
| #ifdef HAVE_STRINGS_H
| # include <strings.h>
| #endif
| #ifdef HAVE_INTTYPES_H
| # include <inttypes.h>
| #endif
| #ifdef HAVE_STDINT_H
| # include <stdint.h>
| #endif
| #ifdef HAVE_UNISTD_H
| # include <unistd.h>
| #endif
| #include <malloc/malloc.h>
configure:20734: result: no
configure:20734: checking malloc/malloc.h presence
configure:20734: g++ -E  conftest.cpp
conftest.cpp:47:10: fatal error: malloc/malloc.h: No such file or directory
 #include <malloc/malloc.h>
          ^~~~~~~~~~~~~~~~~
compilation terminated.
configure:20734: $? = 1
configure: failed program was:
| /* confdefs.h */
| #define PACKAGE_NAME "MEGAcmd"
| #define PACKAGE_TARNAME "megacmd"
| #define PACKAGE_VERSION "1.4.0"
| #define PACKAGE_STRING "MEGAcmd 1.4.0"
| #define PACKAGE_BUGREPORT "https://github.com/meganz/megacmd"
| #define PACKAGE_URL ""
| #define PACKAGE "megacmd"
| #define VERSION "1.4.0"
| #define STDC_HEADERS 1
| #define HAVE_SYS_TYPES_H 1
| #define HAVE_SYS_STAT_H 1
| #define HAVE_STDLIB_H 1
| #define HAVE_STRING_H 1
| #define HAVE_MEMORY_H 1
| #define HAVE_STRINGS_H 1
| #define HAVE_INTTYPES_H 1
| #define HAVE_STDINT_H 1
| #define HAVE_UNISTD_H 1
| #define __EXTENSIONS__ 1
| #define _ALL_SOURCE 1
| #define _GNU_SOURCE 1
| #define _POSIX_PTHREAD_SEMANTICS 1
| #define _TANDEM_SOURCE 1
| #define PACKAGE "megacmd"
| #define VERSION "1.4.0"
| #define HAVE_DLFCN_H 1
| #define LT_OBJDIR ".libs/"
| #define HAVE_SSIZE_T 1
| #define HAVE_CXX11 1
| #define STDC_HEADERS 1
| #define STDC_HEADERS 1
| #define HAVE_DIRENT_H 1
| #define HAVE_FSEEKO 1
| #define SIZEOF_UINT64_T 8
| #define HAVE_ARPA_INET_H 1
| #define HAVE_NETDB_H 1
| #define HAVE_NETINET_IN_H 1
| #define HAVE_STDDEF_H 1
| #define HAVE_STDINT_H 1
| #define HAVE_STDLIB_H 1
| #define HAVE_SYS_SOCKET_H 1
| #define HAVE_SYS_TIMEB_H 1
| #define HAVE_GLOB_H 1
| #define HAVE_MALLOC_H 1
| /* end confdefs.h.  */
| #include <malloc/malloc.h>
configure:20734: result: no
configure:20734: checking for malloc/malloc.h
configure:20734: result: no
configure:20767: checking whether C++ compiler accepts -fPIC
configure:20786: g++ -c -g -O2 -DNDEBUG=1  -fPIC  conftest.cpp >&5
configure:20786: $? = 0
configure:20794: result: yes
configure:20798: checking whether the linker accepts -fPIC
configure:20817: g++ -o conftest -g -O2 -DNDEBUG=1    -fPIC conftest.cpp  >&5
configure:20817: $? = 0
configure:20826: result: yes
configure:20860: checking if building for Win32 platform
configure:20891: result: no
configure:20937: checking for libpcrecpp
configure:21191: result: --with-pcre not specified
configure:21195: checking pcrecpp.h usability
configure:21195: g++ -c -g -O2 -DNDEBUG=1 -fPIC -DENABLE_BACKUPS=1  conftest.cpp >&5
configure:21195: $? = 0
configure:21195: result: yes
configure:21195: checking pcrecpp.h presence
configure:21195: g++ -E  conftest.cpp
configure:21195: $? = 0
configure:21195: result: yes
configure:21195: checking for pcrecpp.h
configure:21195: result: yes
configure:21205: checking for main in -lpcrecpp
configure:21224: g++ -o conftest -g -O2 -DNDEBUG=1 -fPIC -DENABLE_BACKUPS=1   conftest.cpp -lpcrecpp   >&5
configure:21224: $? = 0
configure:21233: result: yes
configure:21239: checking for pcre_compile in -lpcre
configure:21264: g++ -o conftest -g -O2 -DNDEBUG=1 -fPIC -DENABLE_BACKUPS=1   conftest.cpp -lpcre   >&5
configure:21264: $? = 0
configure:21273: result: yes
configure:21307: checking for termcap
configure:21470: result: --with-termcap not specified
configure:21472: checking for tputs in -ltermcap
configure:21497: g++ -o conftest -g -O2 -DNDEBUG=1 -fPIC -DENABLE_BACKUPS=1   conftest.cpp -ltermcap   >&5
configure:21497: $? = 0
configure:21506: result: yes
configure:21526: checking for Readline
configure:21705: result: --with-readline not specified
configure:21709: checking readline/readline.h usability
configure:21709: g++ -c -g -O2 -DNDEBUG=1 -fPIC -DENABLE_BACKUPS=1  conftest.cpp >&5
configure:21709: $? = 0
configure:21709: result: yes
configure:21709: checking readline/readline.h presence
configure:21709: g++ -E  conftest.cpp
configure:21709: $? = 0
configure:21709: result: yes
configure:21709: checking for readline/readline.h
configure:21709: result: yes
configure:21726: checking for rl_save_prompt in -lreadline
configure:21751: g++ -o conftest -g -O2 -DNDEBUG=1 -fPIC -DENABLE_BACKUPS=1   conftest.cpp -lreadline  -ltermcap  >&5
configure:21751: $? = 0
configure:21760: result: yes
configure:21789: checking for pthread_create in -lpthread
configure:21814: g++ -o conftest -g -O2 -DNDEBUG=1 -fPIC -DENABLE_BACKUPS=1   conftest.cpp -lpthread   >&5
configure:21814: $? = 0
configure:21823: result: yes
configure:21963: checking that generated files are newer than configure
configure:21969: result: done
configure:22019: checking that generated files are newer than configure
configure:22025: result: done
configure:22064: creating ./config.status

## ---------------------- ##
## Running config.status. ##
## ---------------------- ##

This file was extended by MEGAcmd config.status 1.4.0, which was
generated by GNU Autoconf 2.69.  Invocation command line was

  CONFIG_FILES    = 
  CONFIG_HEADERS  = 
  CONFIG_LINKS    = 
  CONFIG_COMMANDS = 
  $ ./config.status 

on ubuntu-18-minimal

config.status:1219: creating Makefile
config.status:1219: creating src/megacmdconfig.h
config.status:1448: executing depfiles commands
config.status:1448: executing libtool commands
configure:24542: === configuring in sdk (/home/vagrant/MEGAcmd/sdk)
configure:24605: running /bin/bash ./configure --disable-option-checking '--prefix=/home/vagrant/MEGAcmd/system'  --cache-file=/dev/null --srcdir=.
configure:24737: checking that generated files are newer than configure
configure:24743: result: done
configure:24793: checking that generated files are newer than configure
configure:24799: result: done
configure:24846: creating ./config.status

## ---------------------- ##
## Running config.status. ##
## ---------------------- ##

This file was extended by MEGAcmd config.status 1.4.0, which was
generated by GNU Autoconf 2.69.  Invocation command line was

  CONFIG_FILES    = 
  CONFIG_HEADERS  = 
  CONFIG_LINKS    = 
  CONFIG_COMMANDS = 
  $ ./config.status 

on ubuntu-18-minimal

config.status:1220: creating Makefile
config.status:1220: creating src/megacmdconfig.h
config.status:1401: src/megacmdconfig.h is unchanged
config.status:1449: executing depfiles commands
config.status:1449: executing libtool commands
configure:27325: === configuring in sdk (/home/vagrant/MEGAcmd/sdk)
configure:27388: running /bin/bash ./configure --disable-option-checking '--prefix=/home/vagrant/MEGAcmd/system'  --cache-file=/dev/null --srcdir=.
configure:27423: MEGAcmd configuration:

  MEGACMD version:      1.4.0
  Install prefix:   /home/vagrant/MEGAcmd/system
  Compiler:         g++
  CXXFLAGS:         -g -O2 -DNDEBUG=1 -fPIC -DENABLE_BACKUPS=1
  CPPFLAGS:         
  LDFLAGS:          -pthread 
  debug:            no
  static:           no
  posix threads:    yes

  Readline:           -lreadline
  Termcap:            -ltermcap
  PCRE:               -lpcrecpp -lpcre
  SDK includes:     -I. -I./include -I./include/mega -I./include/mega/posix -I./third_party/utf8proc 


## ---------------- ##
## Cache variables. ##
## ---------------- ##

ac_cv_build=x86_64-pc-linux-gnu
ac_cv_c_compiler_gnu=yes
ac_cv_c_uint16_t=yes
ac_cv_c_uint32_t=yes
ac_cv_c_uint64_t=yes
ac_cv_c_uint8_t=yes
ac_cv_cxx_compiler_gnu=yes
ac_cv_env_CCC_set=
ac_cv_env_CCC_value=
ac_cv_env_CC_set=
ac_cv_env_CC_value=
ac_cv_env_CFLAGS_set=
ac_cv_env_CFLAGS_value=
ac_cv_env_CPPFLAGS_set=
ac_cv_env_CPPFLAGS_value=
ac_cv_env_CPP_set=
ac_cv_env_CPP_value=
ac_cv_env_CXXCPP_set=
ac_cv_env_CXXCPP_value=
ac_cv_env_CXXFLAGS_set=
ac_cv_env_CXXFLAGS_value=
ac_cv_env_CXX_set=
ac_cv_env_CXX_value=
ac_cv_env_LDFLAGS_set=
ac_cv_env_LDFLAGS_value=
ac_cv_env_LIBS_set=
ac_cv_env_LIBS_value=
ac_cv_env_LT_SYS_LIBRARY_PATH_set=
ac_cv_env_LT_SYS_LIBRARY_PATH_value=
ac_cv_env_OBJCXXFLAGS_set=
ac_cv_env_OBJCXXFLAGS_value=
ac_cv_env_OBJCXX_set=
ac_cv_env_OBJCXX_value=
ac_cv_env_build_alias_set=
ac_cv_env_build_alias_value=
ac_cv_env_host_alias_set=
ac_cv_env_host_alias_value=
ac_cv_env_target_alias_set=
ac_cv_env_target_alias_value=
ac_cv_header_arpa_inet_h=yes
ac_cv_header_dirent_dirent_h=yes
ac_cv_header_dlfcn_h=yes
ac_cv_header_glob_h=yes
ac_cv_header_htonl=no
ac_cv_header_inttypes_h=yes
ac_cv_header_malloc_h=yes
ac_cv_header_malloc_malloc_h=no
ac_cv_header_memory_h=yes
ac_cv_header_minix_config_h=no
ac_cv_header_netdb_h=yes
ac_cv_header_netinet_in_h=yes
ac_cv_header_pcrecpp_h=yes
ac_cv_header_readline_readline_h=yes
ac_cv_header_stdbool_h=no
ac_cv_header_stdc=yes
ac_cv_header_stddef_h=yes
ac_cv_header_stdint_h=yes
ac_cv_header_stdlib_h=yes
ac_cv_header_string_h=yes
ac_cv_header_strings_h=yes
ac_cv_header_sys_malloc_h=no
ac_cv_header_sys_socket_h=yes
ac_cv_header_sys_stat_h=yes
ac_cv_header_sys_timeb_h=yes
ac_cv_header_sys_types_h=yes
ac_cv_header_unistd_h=yes
ac_cv_host=x86_64-pc-linux-gnu
ac_cv_lib_pcre_pcre_compile=yes
ac_cv_lib_pcrecpp_main=yes
ac_cv_lib_pthread_pthread_create=yes
ac_cv_lib_readline_rl_save_prompt=yes
ac_cv_lib_termcap_tputs=yes
ac_cv_objcxx_compiler_gnu=no
ac_cv_objext=o
ac_cv_path_EGREP='/bin/grep -E'
ac_cv_path_FGREP='/bin/grep -F'
ac_cv_path_GREP=/bin/grep
ac_cv_path_SED=/bin/sed
ac_cv_path_install='/usr/bin/install -c'
ac_cv_path_lt_DD=/bin/dd
ac_cv_path_mkdir=/bin/mkdir
ac_cv_prog_AWK=gawk
ac_cv_prog_CPP='gcc -E'
ac_cv_prog_CXXCPP='g++ -E'
ac_cv_prog_ac_ct_AR=ar
ac_cv_prog_ac_ct_CC=gcc
ac_cv_prog_ac_ct_CXX=g++
ac_cv_prog_ac_ct_MANIFEST_TOOL=mt
ac_cv_prog_ac_ct_OBJCXX=g++
ac_cv_prog_ac_ct_OBJDUMP=objdump
ac_cv_prog_ac_ct_RANLIB=ranlib
ac_cv_prog_ac_ct_STRIP=strip
ac_cv_prog_cc_c89=
ac_cv_prog_cc_g=yes
ac_cv_prog_cxx_g=yes
ac_cv_prog_make_make_set=yes
ac_cv_prog_objcxx_g=no
ac_cv_safe_to_define___extensions__=yes
ac_cv_search_opendir='none required'
ac_cv_sizeof_uint64_t=8
ac_cv_struct_tm=time.h
ac_cv_sys_file_offset_bits=no
ac_cv_sys_largefile_CC=no
ac_cv_sys_largefile_source=no
ac_cv_type__Bool=no
ac_cv_type_off_t=yes
ac_cv_type_pid_t=yes
ac_cv_type_size_t=yes
ac_cv_type_ssize_t=yes
am_cv_CC_dependencies_compiler_type=gcc3
am_cv_CXX_dependencies_compiler_type=gcc3
am_cv_OBJCXX_dependencies_compiler_type=gcc3
am_cv_make_support_nested_variables=yes
am_cv_prog_cc_c_o=yes
ax_cv_check_cxxflags___fPIC=yes
ax_cv_check_ldflags___fPIC=yes
ax_cv_cxx_compile_cxx11=yes
lt_cv_ar_at_file=@
lt_cv_archive_cmds_need_lc=no
lt_cv_deplibs_check_method=pass_all
lt_cv_file_magic_cmd='$MAGIC_CMD'
lt_cv_file_magic_test_file=
lt_cv_ld_reload_flag=-r
lt_cv_nm_interface='BSD nm'
lt_cv_objdir=.libs
lt_cv_path_LD=/usr/bin/ld
lt_cv_path_LDCXX='/usr/bin/ld -m elf_x86_64'
lt_cv_path_NM='/usr/bin/nm -B'
lt_cv_path_mainfest_tool=no
lt_cv_prog_compiler_c_o=yes
lt_cv_prog_compiler_c_o_CXX=yes
lt_cv_prog_compiler_pic='-fPIC -DPIC'
lt_cv_prog_compiler_pic_CXX='-fPIC -DPIC'
lt_cv_prog_compiler_pic_works=yes
lt_cv_prog_compiler_pic_works_CXX=yes
lt_cv_prog_compiler_rtti_exceptions=no
lt_cv_prog_compiler_static_works=yes
lt_cv_prog_compiler_static_works_CXX=yes
lt_cv_prog_gnu_ld=yes
lt_cv_prog_gnu_ldcxx=yes
lt_cv_sharedlib_from_linklib_cmd='printf %s\n'
lt_cv_shlibpath_overrides_runpath=yes
lt_cv_sys_global_symbol_pipe='sed -n -e '\''s/^.*[	 ]\([ABCDGIRSTW][ABCDGIRSTW]*\)[	 ][	 ]*\([_A-Za-z][_A-Za-z0-9]*\)$/\1 \2 \2/p'\'' | sed '\''/ __gnu_lto/d'\'''
lt_cv_sys_global_symbol_to_c_name_address='sed -n -e '\''s/^: \(.*\) .*$/  {"\1", (void *) 0},/p'\'' -e '\''s/^[ABCDGIRSTW][ABCDGIRSTW]* .* \(.*\)$/  {"\1", (void *) \&\1},/p'\'''
lt_cv_sys_global_symbol_to_c_name_address_lib_prefix='sed -n -e '\''s/^: \(.*\) .*$/  {"\1", (void *) 0},/p'\'' -e '\''s/^[ABCDGIRSTW][ABCDGIRSTW]* .* \(lib.*\)$/  {"\1", (void *) \&\1},/p'\'' -e '\''s/^[ABCDGIRSTW][ABCDGIRSTW]* .* \(.*\)$/  {"lib\1", (void *) \&\1},/p'\'''
lt_cv_sys_global_symbol_to_cdecl='sed -n -e '\''s/^T .* \(.*\)$/extern int \1();/p'\'' -e '\''s/^[ABCDGIRSTW][ABCDGIRSTW]* .* \(.*\)$/extern char \1;/p'\'''
lt_cv_sys_global_symbol_to_import=
lt_cv_sys_max_cmd_len=1572864
lt_cv_to_host_file_cmd=func_convert_file_noop
lt_cv_to_tool_file_cmd=func_convert_file_noop
lt_cv_truncate_bin='/bin/dd bs=4096 count=1'

## ----------------- ##
## Output variables. ##
## ----------------- ##

ACLOCAL='${SHELL} /home/vagrant/MEGAcmd/missing aclocal-1.15'
AMDEPBACKSLASH='\'
AMDEP_FALSE='#'
AMDEP_TRUE=''
AMTAR='$${TAR-tar}'
AM_BACKSLASH='\'
AM_CXXFLAGS=''
AM_DEFAULT_V='$(AM_DEFAULT_VERBOSITY)'
AM_DEFAULT_VERBOSITY='0'
AM_V='$(V)'
ANDROID_FALSE=''
ANDROID_TRUE='#'
AR='ar'
AS='as'
AUTOCONF='${SHELL} /home/vagrant/MEGAcmd/missing autoconf'
AUTOHEADER='${SHELL} /home/vagrant/MEGAcmd/missing autoheader'
AUTOMAKE='${SHELL} /home/vagrant/MEGAcmd/missing automake-1.15'
AWK='gawk'
CC='gcc'
CCDEPMODE='depmode=gcc3'
CFLAGS='-g -O2'
CPP='gcc -E'
CPPCHECK_FALSE=''
CPPCHECK_TRUE='#'
CPPFLAGS=''
CXX='g++'
CXXCPP='g++ -E'
CXXDEPMODE='depmode=gcc3'
CXXFLAGS='-g -O2 -DNDEBUG=1 -fPIC -DENABLE_BACKUPS=1'
CYGPATH_W='echo'
DARWIN_FALSE=''
DARWIN_TRUE='#'
DEFS='-DHAVE_CONFIG_H'
DEPDIR='.deps'
DLLTOOL='false'
DSYMUTIL=''
DUMPBIN=''
ECHO_C=''
ECHO_N='-n'
ECHO_T=''
EGREP='/bin/grep -E'
ENABLE_STATIC=''
ENABLE_STATIC_FALSE=''
ENABLE_STATIC_TRUE='#'
EXEEXT=''
FGREP='/bin/grep -F'
GREP='/bin/grep'
HAVE_CPPCHECK=''
HAVE_CXX11='1'
HAVE_PTHREAD_FALSE='#'
HAVE_PTHREAD_TRUE=''
INSTALL_DATA='${INSTALL} -m 644'
INSTALL_PROGRAM='${INSTALL}'
INSTALL_SCRIPT='${INSTALL}'
INSTALL_STRIP_PROGRAM='$(install_sh) -c -s'
LD='/usr/bin/ld -m elf_x86_64'
LDFLAGS='-pthread '
LIBOBJS=''
LIBS=''
LIBTOOL='$(SHELL) $(top_builddir)/libtool'
LINUX_FALSE='#'
LINUX_TRUE=''
LIPO=''
LMEGAINC='-I. -I./include -I./include/mega -I./include/mega/posix -I./third_party/utf8proc '
LN_S='ln -s'
LTLIBOBJS=''
LT_AGE='0'
LT_CURRENT='10400'
LT_REVISION='0'
LT_SYS_LIBRARY_PATH=''
MAKEINFO='${SHELL} /home/vagrant/MEGAcmd/missing makeinfo'
MANIFEST_TOOL=':'
MKDIR_P='/bin/mkdir -p'
NM='/usr/bin/nm -B'
NMEDIT=''
OBJCXX='g++'
OBJCXXDEPMODE='depmode=gcc3'
OBJCXXFLAGS=''
OBJDUMP='objdump'
OBJEXT='o'
OTOOL64=''
OTOOL=''
PACKAGE='megacmd'
PACKAGE_BUGREPORT='https://github.com/meganz/megacmd'
PACKAGE_NAME='MEGAcmd'
PACKAGE_STRING='MEGAcmd 1.4.0'
PACKAGE_TARNAME='megacmd'
PACKAGE_URL=''
PACKAGE_VERSION='1.4.0'
PATH_SEPARATOR=':'
PCRE_CPPFLAGS=''
PCRE_CXXFLAGS=''
PCRE_LDFLAGS=''
PCRE_LIBS='-lpcrecpp -lpcre'
RANLIB='ranlib'
RL_CXXFLAGS=''
RL_LDFLAGS=''
RL_LIBS='-lreadline'
SED='/bin/sed'
SET_MAKE=''
SHELL='/bin/bash'
STRIP='strip'
TERMCAP_CPPFLAGS=''
TERMCAP_CXXFLAGS=''
TERMCAP_LDFLAGS=''
TERMCAP_LIBS='-ltermcap'
USE_PCRE_FALSE='#'
USE_PCRE_TRUE=''
VERSION='1.4.0'
WIN32_FALSE=''
WIN32_TRUE='#'
ac_ct_AR='ar'
ac_ct_CC='gcc'
ac_ct_CXX='g++'
ac_ct_DUMPBIN=''
ac_ct_OBJCXX='g++'
am__EXEEXT_FALSE=''
am__EXEEXT_TRUE='#'
am__fastdepCC_FALSE='#'
am__fastdepCC_TRUE=''
am__fastdepCXX_FALSE='#'
am__fastdepCXX_TRUE=''
am__fastdepOBJCXX_FALSE='#'
am__fastdepOBJCXX_TRUE=''
am__include='include'
am__isrc=''
am__leading_dot='.'
am__nodep='_no'
am__quote=''
am__tar='$${TAR-tar} chof - "$$tardir"'
am__untar='$${TAR-tar} xf -'
bindir='${exec_prefix}/bin'
build='x86_64-pc-linux-gnu'
build_alias=''
build_cpu='x86_64'
build_os='linux-gnu'
build_vendor='pc'
datadir='${datarootdir}'
datarootdir='${prefix}/share'
docdir='${datarootdir}/doc/${PACKAGE_TARNAME}'
dvidir='${docdir}'
exec_prefix='${prefix}'
host='x86_64-pc-linux-gnu'
host_alias=''
host_cpu='x86_64'
host_os='linux-gnu'
host_vendor='pc'
htmldir='${docdir}'
includedir='${prefix}/include'
infodir='${datarootdir}/info'
install_sh='${SHELL} /home/vagrant/MEGAcmd/install-sh'
libdir='${exec_prefix}/lib'
libexecdir='${exec_prefix}/libexec'
localedir='${datarootdir}/locale'
localstatedir='${prefix}/var'
mandir='${datarootdir}/man'
mkdir_p='$(MKDIR_P)'
oldincludedir='/usr/include'
pdfdir='${docdir}'
prefix='/home/vagrant/MEGAcmd/system'
program_transform_name='s,x,x,'
psdir='${docdir}'
runstatedir='${localstatedir}/run'
sbindir='${exec_prefix}/sbin'
sharedstatedir='${prefix}/com'
subdirs=' sdk'
sysconfdir='${prefix}/etc'
target_alias=''

## ----------- ##
## confdefs.h. ##
## ----------- ##

/* confdefs.h */
#define PACKAGE_NAME "MEGAcmd"
#define PACKAGE_TARNAME "megacmd"
#define PACKAGE_VERSION "1.4.0"
#define PACKAGE_STRING "MEGAcmd 1.4.0"
#define PACKAGE_BUGREPORT "https://github.com/meganz/megacmd"
#define PACKAGE_URL ""
#define PACKAGE "megacmd"
#define VERSION "1.4.0"
#define STDC_HEADERS 1
#define HAVE_SYS_TYPES_H 1
#define HAVE_SYS_STAT_H 1
#define HAVE_STDLIB_H 1
#define HAVE_STRING_H 1
#define HAVE_MEMORY_H 1
#define HAVE_STRINGS_H 1
#define HAVE_INTTYPES_H 1
#define HAVE_STDINT_H 1
#define HAVE_UNISTD_H 1
#define __EXTENSIONS__ 1
#define _ALL_SOURCE 1
#define _GNU_SOURCE 1
#define _POSIX_PTHREAD_SEMANTICS 1
#define _TANDEM_SOURCE 1
#define PACKAGE "megacmd"
#define VERSION "1.4.0"
#define HAVE_DLFCN_H 1
#define LT_OBJDIR ".libs/"
#define HAVE_SSIZE_T 1
#define HAVE_CXX11 1
#define STDC_HEADERS 1
#define STDC_HEADERS 1
#define HAVE_DIRENT_H 1
#define HAVE_FSEEKO 1
#define SIZEOF_UINT64_T 8
#define HAVE_ARPA_INET_H 1
#define HAVE_NETDB_H 1
#define HAVE_NETINET_IN_H 1
#define HAVE_STDDEF_H 1
#define HAVE_STDINT_H 1
#define HAVE_STDLIB_H 1
#define HAVE_SYS_SOCKET_H 1
#define HAVE_SYS_TIMEB_H 1
#define HAVE_GLOB_H 1
#define HAVE_MALLOC_H 1
#define HAVE_PCRECPP_H 1
#define USE_PCRE 1
#define HAVE_READLINE_READLINE_H 1
#define USE_PTHREAD 1

configure: exit 0
